2023-11-15 16:29:11,266 [INFO] Activator:176 - 


2023-11-15 16:29:11,277 [INFO] Activator:177 - !SESSION log4j initialized
2023-11-15 16:29:20,009 [INFO] LogOutputStream:77 - [STDOUT_REDIRECT] 
2023-11-15 16:29:24,093 [INFO] ApplicationProperties:184 - Using Application install path: C:\ST\STM32CubeIDE_1.13.1\STM32CubeIDE\plugins\com.st.stm32cube.common.mx_6.9.2.202309101412
2023-11-15 16:29:24,130 [INFO] DbMcusXml:78 - Set database path to: C:\ST\STM32CubeIDE_1.13.1\STM32CubeIDE\plugins\com.st.stm32cube.common.mx_6.9.2.202309101412\\db\/mcu/
2023-11-15 16:29:24,130 [INFO] ApiDb:274 - Set plugin database path to: C:\ST\STM32CubeIDE_1.13.1\STM32CubeIDE\plugins\com.st.stm32cube.common.mx_6.9.2.202309101412\\db\/plugins/boardmanager/
2023-11-15 16:29:24,130 [WARN] ApiDb:259 - Overriding images path with different value:  => C:\ST\STM32CubeIDE_1.13.1\STM32CubeIDE\plugins\com.st.stm32cube.common.mx_6.9.2.202309101412\\db\/plugins/mcufinder/images/
2023-11-15 16:29:24,157 [INFO] ApiDb:250 - Set database path to: C:\Users\kiera\.stmcufinder\plugins\mcufinder//mcu/
2023-11-15 16:29:24,159 [INFO] DbMcusAds:125 - Set database path to: C:\Users\kiera\.stmcufinder\plugins\mcufinder//mcu/
2023-11-15 16:29:24,162 [INFO] CrossReferenceDbSqlite:203 - Set database path to: C:\Users\kiera\.stmcufinder\plugins\mcufinder//mcu/cs/
2023-11-15 16:29:24,335 [INFO] RulesReader:64 - Compatibility file has been processed (293 Rules)
2023-11-15 16:29:24,575 [INFO] DbMcusXml:78 - Set database path to: C:\ST\STM32CubeIDE_1.13.1\STM32CubeIDE\plugins\com.st.stm32cube.common.mx_6.9.2.202309101412\\db\/mcu/
2023-11-15 16:29:24,575 [INFO] ApiDb:274 - Set plugin database path to: C:\ST\STM32CubeIDE_1.13.1\STM32CubeIDE\plugins\com.st.stm32cube.common.mx_6.9.2.202309101412\\db\/plugins/boardmanager/
2023-11-15 16:29:24,575 [INFO] ApiDb:261 - Set plugin images path to: C:\ST\STM32CubeIDE_1.13.1\STM32CubeIDE\plugins\com.st.stm32cube.common.mx_6.9.2.202309101412\\db\/plugins/mcufinder/images/
2023-11-15 16:29:24,575 [WARN] DbFile:41 - Overriding database path with different value: C:\Users\kiera\.stmcufinder\plugins\mcufinder/ => C:\Users\kiera\.stmcufinder\plugins\mcufinder
2023-11-15 16:29:24,576 [INFO] ApiDb:250 - Set database path to: C:\Users\kiera\.stmcufinder\plugins\mcufinder//mcu/
2023-11-15 16:29:24,576 [WARN] DbFile:41 - Overriding database path with different value: C:\Users\kiera\.stmcufinder\plugins\mcufinder/ => C:\Users\kiera\.stmcufinder\plugins\mcufinder
2023-11-15 16:29:24,576 [INFO] DbMcusAds:125 - Set database path to: C:\Users\kiera\.stmcufinder\plugins\mcufinder//mcu/
2023-11-15 16:29:24,576 [WARN] DbFile:41 - Overriding database path with different value: C:\Users\kiera\.stmcufinder\plugins\mcufinder/ => C:\Users\kiera\.stmcufinder\plugins\mcufinder
2023-11-15 16:29:24,576 [WARN] DbFile:41 - Overriding database path with different value: C:\Users\kiera\.stmcufinder\plugins\mcufinder/ => C:\Users\kiera\.stmcufinder\plugins\mcufinder
2023-11-15 16:29:24,577 [INFO] CrossReferenceDbSqlite:203 - Set database path to: C:\Users\kiera\.stmcufinder\plugins\mcufinder//mcu/cs/
2023-11-15 16:29:24,690 [INFO] MainPanel:262 - HeapMemory: 268435456
2023-11-15 16:29:24,832 [INFO] DbMcusXml:78 - Set database path to: C:\ST\STM32CubeIDE_1.13.1\STM32CubeIDE\plugins\com.st.stm32cube.common.mx_6.9.2.202309101412\\db\/mcu/
2023-11-15 16:29:24,833 [INFO] ApiDb:274 - Set plugin database path to: C:\ST\STM32CubeIDE_1.13.1\STM32CubeIDE\plugins\com.st.stm32cube.common.mx_6.9.2.202309101412\\db\/plugins/boardmanager/
2023-11-15 16:29:24,833 [INFO] ApiDb:261 - Set plugin images path to: C:\ST\STM32CubeIDE_1.13.1\STM32CubeIDE\plugins\com.st.stm32cube.common.mx_6.9.2.202309101412\\db\/plugins/mcufinder/images/
2023-11-15 16:29:24,834 [WARN] DbFile:41 - Overriding database path with different value: C:\Users\kiera\.stmcufinder\plugins\mcufinder/ => C:\Users\kiera\.stmcufinder\plugins\mcufinder
2023-11-15 16:29:24,834 [INFO] ApiDb:250 - Set database path to: C:\Users\kiera\.stmcufinder\plugins\mcufinder//mcu/
2023-11-15 16:29:24,834 [WARN] DbFile:41 - Overriding database path with different value: C:\Users\kiera\.stmcufinder\plugins\mcufinder/ => C:\Users\kiera\.stmcufinder\plugins\mcufinder
2023-11-15 16:29:24,834 [INFO] DbMcusAds:125 - Set database path to: C:\Users\kiera\.stmcufinder\plugins\mcufinder//mcu/
2023-11-15 16:29:24,834 [WARN] DbFile:41 - Overriding database path with different value: C:\Users\kiera\.stmcufinder\plugins\mcufinder/ => C:\Users\kiera\.stmcufinder\plugins\mcufinder
2023-11-15 16:29:24,835 [WARN] DbFile:41 - Overriding database path with different value: C:\Users\kiera\.stmcufinder\plugins\mcufinder/ => C:\Users\kiera\.stmcufinder\plugins\mcufinder
2023-11-15 16:29:24,835 [INFO] CrossReferenceDbSqlite:203 - Set database path to: C:\Users\kiera\.stmcufinder\plugins\mcufinder//mcu/cs/
2023-11-15 16:29:24,863 [INFO] ApplicationProperties:184 - Using Application install path: C:\ST\STM32CubeIDE_1.13.1\STM32CubeIDE\plugins\com.st.stm32cube.common.mx_6.9.2.202309101412
2023-11-15 16:29:24,865 [INFO] PluginManage:196 - Search for loadable plugins [exclusion list=, ]
2023-11-15 16:29:24,867 [INFO] PluginManage:310 - Check plugin analytics
2023-11-15 16:29:25,123 [INFO] AnalyticsPlugin:253 - Accepted Software Licenses: STM32CubeMX.6.9.1
2023-11-15 16:29:25,124 [INFO] AnalyticsPlugin:255 - Accepted CMSIS Pack Licenses: 
2023-11-15 16:29:25,124 [INFO] AnalyticsPlugin:257 - Accepted Firmware Licenses: FW.F4.1.27.0
2023-11-15 16:29:25,128 [INFO] PluginManage:359 - Loaded plugin analytics (category:tool,tabindex:-1)
2023-11-15 16:29:25,129 [INFO] PluginManage:310 - Check plugin cadmodel
2023-11-15 16:29:25,155 [INFO] CADModel:105 - Init CAD model plugin
2023-11-15 16:29:25,155 [INFO] PluginManage:359 - Loaded plugin cadmodel (category:power,tabindex:5)
2023-11-15 16:29:25,156 [INFO] PluginManage:310 - Check plugin clock
2023-11-15 16:29:25,211 [INFO] PluginManage:359 - Loaded plugin clock (category:base,tabindex:2)
2023-11-15 16:29:25,211 [INFO] PluginManage:310 - Check plugin ddr
2023-11-15 16:29:25,215 [INFO] PluginManage:359 - Loaded plugin ddr (category:tool,tabindex:6)
2023-11-15 16:29:25,216 [INFO] PluginManage:310 - Check plugin filemanager
2023-11-15 16:29:25,414 [INFO] PluginManage:359 - Loaded plugin filemanager (category:base,tabindex:10)
2023-11-15 16:29:25,414 [INFO] PluginManage:310 - Check plugin ipmanager
2023-11-15 16:29:25,423 [INFO] PluginManage:359 - Loaded plugin ipmanager (category:base,tabindex:5)
2023-11-15 16:29:25,424 [INFO] PluginManage:310 - Check plugin lpbam
2023-11-15 16:29:25,450 [INFO] PluginManage:359 - Loaded plugin lpbam (category:base,tabindex:0)
2023-11-15 16:29:25,450 [INFO] PluginManage:310 - Check plugin memorymap
2023-11-15 16:29:25,481 [INFO] PluginManage:359 - Loaded plugin memorymap (category:base,tabindex:4)
2023-11-15 16:29:25,481 [INFO] PluginManage:310 - Check plugin pinoutandconfiguration
2023-11-15 16:29:25,503 [INFO] PluginManage:359 - Loaded plugin pinoutandconfiguration (category:base,tabindex:1)
2023-11-15 16:29:25,503 [INFO] PluginManage:310 - Check plugin pinoutconfig
2023-11-15 16:29:25,653 [WARN] SupportedApi:132 - Cannot load RTOS API schema: s4s-elt-must-match.1: The content of 'definitions' must match (annotation?, (simpleType | complexType)?, (unique | key | keyref)*)). A problem was found starting at: attribute.
2023-11-15 16:29:25,874 [INFO] PluginManage:359 - Loaded plugin pinoutconfig (category:base,tabindex:0)
2023-11-15 16:29:25,875 [INFO] PluginManage:310 - Check plugin power
2023-11-15 16:29:25,904 [INFO] PluginManage:359 - Loaded plugin power (category:power,tabindex:4)
2023-11-15 16:29:25,904 [INFO] PluginManage:310 - Check plugin projectmanager
2023-11-15 16:29:25,924 [INFO] PluginManage:359 - Loaded plugin projectmanager (category:projectmanager,tabindex:3)
2023-11-15 16:29:25,925 [INFO] PluginManage:310 - Check plugin thirdparty
2023-11-15 16:29:26,358 [INFO] PluginManage:359 - Loaded plugin thirdparty (category:base,tabindex:-1)
2023-11-15 16:29:26,358 [WARN] IntegrityCheckThread:84 - waiting for thirdparty lock release [integrity check]
2023-11-15 16:29:26,359 [INFO] PluginManage:310 - Check plugin tools
2023-11-15 16:29:26,359 [INFO] IntegrityCheckThread:86 - entering critical section [integrity check]
2023-11-15 16:29:26,360 [INFO] ThirdPartyUpdaterWithRetryManager:70 - Updater plugin not ready yet. [1/15]
2023-11-15 16:29:26,415 [INFO] PluginManage:359 - Loaded plugin tools (category:base,tabindex:7)
2023-11-15 16:29:26,416 [INFO] PluginManage:310 - Check plugin tutovideos
2023-11-15 16:29:26,717 [INFO] PluginManage:359 - Loaded plugin tutovideos (category:base,tabindex:-1)
2023-11-15 16:29:26,718 [INFO] PluginManage:310 - Check plugin updater
2023-11-15 16:29:26,734 [INFO] PluginManage:359 - Loaded plugin updater (category:base,tabindex:12)
2023-11-15 16:29:26,734 [INFO] PluginManage:310 - Check plugin userauth
2023-11-15 16:29:26,742 [INFO] UserAuth:113 - Init User Auth plugin
2023-11-15 16:29:26,743 [INFO] PluginManage:359 - Loaded plugin userauth (category:base,tabindex:14)
2023-11-15 16:29:26,743 [INFO] PluginManage:283 - PluginManage : Loaded plugins [17]
2023-11-15 16:29:27,076 [INFO] PinOutPanel:1499 - setPackage(No Configuration,No Configuration)
2023-11-15 16:29:27,240 [INFO] CADModel:165 - CPN selected for project level
2023-11-15 16:29:27,240 [INFO] CADModel:114 - Register for checkConnection events
2023-11-15 16:29:27,278 [INFO] IPUIPlugin:80 - create IPUIPlugin
2023-11-15 16:29:27,278 [INFO] PluginManager:220 - loadIPPluginJar : add adc
2023-11-15 16:29:27,331 [INFO] IPUIPlugin:80 - create IPUIPlugin
2023-11-15 16:29:27,331 [INFO] PluginManager:220 - loadIPPluginJar : add aes
2023-11-15 16:29:27,392 [INFO] IPUIPlugin:80 - create IPUIPlugin
2023-11-15 16:29:27,392 [INFO] PluginManager:220 - loadIPPluginJar : add can
2023-11-15 16:29:27,425 [INFO] IPUIPlugin:80 - create IPUIPlugin
2023-11-15 16:29:27,426 [INFO] PluginManager:220 - loadIPPluginJar : add comp
2023-11-15 16:29:27,476 [INFO] IPUIPlugin:80 - create IPUIPlugin
2023-11-15 16:29:27,476 [INFO] PluginManager:220 - loadIPPluginJar : add cryp
2023-11-15 16:29:27,521 [INFO] IPUIPlugin:80 - create IPUIPlugin
2023-11-15 16:29:27,522 [INFO] PluginManager:220 - loadIPPluginJar : add dfsdm
2023-11-15 16:29:27,543 [INFO] IPUIPlugin:80 - create IPUIPlugin
2023-11-15 16:29:27,543 [INFO] PluginManager:220 - loadIPPluginJar : add dma
2023-11-15 16:29:27,610 [INFO] IPUIPlugin:80 - create IPUIPlugin
2023-11-15 16:29:27,610 [INFO] PluginManager:220 - loadIPPluginJar : add dma3
2023-11-15 16:29:27,640 [INFO] IPUIPlugin:80 - create IPUIPlugin
2023-11-15 16:29:27,640 [INFO] PluginManager:220 - loadIPPluginJar : add fatfs
2023-11-15 16:29:27,710 [INFO] IPUIPlugin:80 - create IPUIPlugin
2023-11-15 16:29:27,711 [INFO] PluginManager:220 - loadIPPluginJar : add fmc
2023-11-15 16:29:27,737 [INFO] IPUIPlugin:80 - create IPUIPlugin
2023-11-15 16:29:27,737 [INFO] PluginManager:220 - loadIPPluginJar : add freertos
2023-11-15 16:29:27,771 [INFO] IPUIPlugin:80 - create IPUIPlugin
2023-11-15 16:29:27,771 [INFO] PluginManager:220 - loadIPPluginJar : add genericplugin
2023-11-15 16:29:27,905 [INFO] IPUIPlugin:80 - create IPUIPlugin
2023-11-15 16:29:27,905 [INFO] PluginManager:220 - loadIPPluginJar : add gfxmmu
2023-11-15 16:29:28,109 [INFO] IPUIPlugin:80 - create IPUIPlugin
2023-11-15 16:29:28,109 [INFO] PluginManager:220 - loadIPPluginJar : add gic
2023-11-15 16:29:28,128 [INFO] IPUIPlugin:80 - create IPUIPlugin
2023-11-15 16:29:28,128 [INFO] PluginManager:220 - loadIPPluginJar : add gpio
2023-11-15 16:29:28,279 [INFO] IPUIPlugin:80 - create IPUIPlugin
2023-11-15 16:29:28,279 [INFO] PluginManager:220 - loadIPPluginJar : add gtzc
2023-11-15 16:29:28,327 [INFO] IPUIPlugin:80 - create IPUIPlugin
2023-11-15 16:29:28,327 [INFO] PluginManager:220 - loadIPPluginJar : add hash
2023-11-15 16:29:28,415 [INFO] IPUIPlugin:80 - create IPUIPlugin
2023-11-15 16:29:28,416 [INFO] PluginManager:220 - loadIPPluginJar : add i2c
2023-11-15 16:29:28,473 [INFO] IPUIPlugin:80 - create IPUIPlugin
2023-11-15 16:29:28,473 [INFO] PluginManager:220 - loadIPPluginJar : add i2s
2023-11-15 16:29:28,534 [INFO] IPUIPlugin:80 - create IPUIPlugin
2023-11-15 16:29:28,534 [INFO] PluginManager:220 - loadIPPluginJar : add i3c
2023-11-15 16:29:28,703 [INFO] IPUIPlugin:80 - create IPUIPlugin
2023-11-15 16:29:28,704 [INFO] PluginManager:220 - loadIPPluginJar : add ipddr
2023-11-15 16:29:28,847 [INFO] IPUIPlugin:80 - create IPUIPlugin
2023-11-15 16:29:28,847 [INFO] PluginManager:220 - loadIPPluginJar : add linkedlist
2023-11-15 16:29:28,900 [INFO] IPUIPlugin:80 - create IPUIPlugin
2023-11-15 16:29:28,900 [INFO] PluginManager:220 - loadIPPluginJar : add lorawan
2023-11-15 16:29:28,954 [INFO] IPUIPlugin:80 - create IPUIPlugin
2023-11-15 16:29:28,955 [INFO] PluginManager:220 - loadIPPluginJar : add ltdc
2023-11-15 16:29:28,976 [INFO] IPUIPlugin:80 - create IPUIPlugin
2023-11-15 16:29:28,976 [INFO] PluginManager:220 - loadIPPluginJar : add mdma
2023-11-15 16:29:28,992 [INFO] IPUIPlugin:80 - create IPUIPlugin
2023-11-15 16:29:28,993 [INFO] PluginManager:220 - loadIPPluginJar : add nvic
2023-11-15 16:29:29,050 [INFO] IPUIPlugin:80 - create IPUIPlugin
2023-11-15 16:29:29,050 [INFO] PluginManager:220 - loadIPPluginJar : add opamp
2023-11-15 16:29:29,145 [INFO] IPUIPlugin:80 - create IPUIPlugin
2023-11-15 16:29:29,145 [INFO] PluginManager:220 - loadIPPluginJar : add openamp
2023-11-15 16:29:29,209 [INFO] IPUIPlugin:80 - create IPUIPlugin
2023-11-15 16:29:29,210 [INFO] PluginManager:220 - loadIPPluginJar : add pdm2pcm
2023-11-15 16:29:29,239 [INFO] IPUIPlugin:80 - create IPUIPlugin
2023-11-15 16:29:29,244 [INFO] PluginManager:220 - loadIPPluginJar : add plateformsettings
2023-11-15 16:29:29,276 [INFO] IPUIPlugin:80 - create IPUIPlugin
2023-11-15 16:29:29,276 [INFO] PluginManager:220 - loadIPPluginJar : add quadspi
2023-11-15 16:29:29,292 [INFO] IPUIPlugin:80 - create IPUIPlugin
2023-11-15 16:29:29,293 [INFO] PluginManager:220 - loadIPPluginJar : add resmgrutility
2023-11-15 16:29:29,361 [INFO] ThirdPartyUpdaterWithRetryManager:70 - Updater plugin not ready yet. [2/15]
2023-11-15 16:29:29,366 [INFO] IPUIPlugin:80 - create IPUIPlugin
2023-11-15 16:29:29,366 [INFO] PluginManager:220 - loadIPPluginJar : add sai
2023-11-15 16:29:29,423 [INFO] IPUIPlugin:80 - create IPUIPlugin
2023-11-15 16:29:29,424 [INFO] PluginManager:220 - loadIPPluginJar : add spi
2023-11-15 16:29:29,517 [INFO] IPUIPlugin:80 - create IPUIPlugin
2023-11-15 16:29:29,517 [INFO] PluginManager:220 - loadIPPluginJar : add stm32_wpan
2023-11-15 16:29:29,554 [INFO] IPUIPlugin:80 - create IPUIPlugin
2023-11-15 16:29:29,554 [INFO] PluginManager:220 - loadIPPluginJar : add tim
2023-11-15 16:29:29,638 [INFO] IPUIPlugin:80 - create IPUIPlugin
2023-11-15 16:29:29,638 [INFO] PluginManager:220 - loadIPPluginJar : add touchsensing
2023-11-15 16:29:29,670 [INFO] IPUIPlugin:80 - create IPUIPlugin
2023-11-15 16:29:29,670 [INFO] PluginManager:220 - loadIPPluginJar : add tracer_emb
2023-11-15 16:29:29,704 [INFO] IPUIPlugin:80 - create IPUIPlugin
2023-11-15 16:29:29,704 [INFO] PluginManager:220 - loadIPPluginJar : add ts
2023-11-15 16:29:29,735 [INFO] IPUIPlugin:80 - create IPUIPlugin
2023-11-15 16:29:29,735 [INFO] PluginManager:220 - loadIPPluginJar : add tsc
2023-11-15 16:29:29,768 [INFO] IPUIPlugin:80 - create IPUIPlugin
2023-11-15 16:29:29,768 [INFO] PluginManager:220 - loadIPPluginJar : add ucpd
2023-11-15 16:29:29,836 [INFO] IPUIPlugin:80 - create IPUIPlugin
2023-11-15 16:29:29,836 [INFO] PluginManager:220 - loadIPPluginJar : add usart
2023-11-15 16:29:29,912 [INFO] IPUIPlugin:80 - create IPUIPlugin
2023-11-15 16:29:29,913 [INFO] PluginManager:220 - loadIPPluginJar : add usbx
2023-11-15 16:29:30,070 [INFO] CADModel:165 - CPN selected for project level
2023-11-15 16:29:30,071 [INFO] CADModel:114 - Register for checkConnection events
2023-11-15 16:29:30,071 [FATAL] Updater:308 - Updater called before beeing initialized
2023-11-15 16:29:30,071 [ERROR] CADModel:125 - Updater not yet initialized, retry later 
2023-11-15 16:29:30,306 [INFO] CADModel:165 - CPN selected for project level
2023-11-15 16:29:30,306 [INFO] CADModel:114 - Register for checkConnection events
2023-11-15 16:29:30,306 [FATAL] Updater:308 - Updater called before beeing initialized
2023-11-15 16:29:30,306 [ERROR] CADModel:125 - Updater not yet initialized, retry later 
2023-11-15 16:29:30,313 [FATAL] Updater:308 - Updater called before beeing initialized
2023-11-15 16:29:30,481 [FATAL] Updater:308 - Updater called before beeing initialized
2023-11-15 16:29:30,497 [INFO] DbMcusAds:53 - JSON generation date=Tue Mar 07 03:50:55 EST 2023 (1678179055335)
2023-11-15 16:29:30,497 [FATAL] Updater:308 - Updater called before beeing initialized
2023-11-15 16:29:30,627 [WARN] DetailPanel:346 - Failed to get advertising image, set to default
2023-11-15 16:29:30,775 [FATAL] Updater:308 - Updater called before beeing initialized
2023-11-15 16:29:30,777 [FATAL] Updater:308 - Updater called before beeing initialized
2023-11-15 16:29:30,777 [FATAL] Updater:308 - Updater called before beeing initialized
2023-11-15 16:29:30,777 [WARN] DetailPanel:346 - Failed to get advertising image, set to default
2023-11-15 16:29:30,778 [FATAL] Updater:308 - Updater called before beeing initialized
2023-11-15 16:29:30,866 [ERROR] Updater:1120 - MainUpdater not yet initialized. External WinMGr cannot be set.
2023-11-15 16:29:30,883 [INFO] Updater:1056 - Updater Version found : 6.9.2
2023-11-15 16:29:30,911 [INFO] ApplicationProperties:184 - Using Application install path: C:\ST\STM32CubeIDE_1.13.1\STM32CubeIDE\plugins\com.st.stm32cube.common.mx_6.9.2.202309101412
2023-11-15 16:29:31,263 [INFO] MainUpdater:2868 - connection check result : 10
2023-11-15 16:29:31,263 [INFO] MainUpdater:3562 - Updater definition file requires update
2023-11-15 16:29:31,265 [INFO] MainUpdater:285 - Updater Check For Update Now.
2023-11-15 16:29:31,265 [INFO] MicroXplorer:498 - Change Database Version : DB.6.0.92
2023-11-15 16:29:31,298 [INFO] McuFinderGlobals:63 - Set McuFinder mode to 2 (CubeIDE integrated)
2023-11-15 16:29:31,312 [INFO] ServerAccessManage:473 - Download File updaters.zip
2023-11-15 16:29:31,436 [INFO] FileExtend:240 - Unzip File : updaters.zip
2023-11-15 16:29:31,437 [INFO] FileExtend:255 - Standard Zip Deflate
2023-11-15 16:29:31,992 [INFO] ServerAccessManage:473 - Download File PacksControlFlags.xml
2023-11-15 16:29:32,129 [INFO] ServerAccessManage:473 - Download File cubemx.pidx
2023-11-15 16:29:32,362 [WARN] MainUpdater:1189 - Updater busy. Cannot search thirdparties
2023-11-15 16:29:32,363 [INFO] ThirdPartyUpdaterWithRetryManager:96 - Updater plugin is busy. [1/15]
2023-11-15 16:29:32,388 [INFO] LoadServerUpdatesThread:373 - End of LoadServerUpdate Thread
2023-11-15 16:29:32,628 [INFO] CheckServerUpdateThread:120 - End of CheckServer Thread
2023-11-15 16:29:35,680 [WARN] PackLoader:240 - Cannot read IP mode file for STMicroelectronics.X-CUBE-SMBUS.2.1.0
2023-11-15 16:29:35,759 [WARN] PackLoader:240 - Cannot read IP mode file for STMicroelectronics.X-CUBE-AZRTOS-F7.1.1.0
2023-11-15 16:29:35,795 [WARN] PackLoader:240 - Cannot read IP mode file for STMicroelectronics.FP-SNS-MOTENV1.4.3.2
2023-11-15 16:29:35,820 [WARN] PackLoader:240 - Cannot read IP mode file for STMicroelectronics.FP-SNS-FLIGHT1.5.0.2
2023-11-15 16:29:35,854 [WARN] PackLoader:240 - Cannot read IP mode file for STMicroelectronics.X-CUBE-DISPLAY.3.0.0
2023-11-15 16:29:35,893 [WARN] PackLoader:240 - Cannot read IP mode file for STMicroelectronics.X-CUBE-BLE1.7.0.0
2023-11-15 16:29:35,915 [WARN] PackLoader:240 - Cannot read IP mode file for emotas.I-CUBE-CANOPEN.1.3.0
2023-11-15 16:29:35,940 [WARN] PackLoader:240 - Cannot read IP mode file for STMicroelectronics.X-CUBE-TOUCHGFX.4.22.0
2023-11-15 16:29:35,957 [WARN] PackLoader:240 - Cannot read IP mode file for STMicroelectronics.X-CUBE-TOUCHGFX.4.22.1
2023-11-15 16:29:35,979 [WARN] PackLoader:240 - Cannot read IP mode file for STMicroelectronics.FP-SNS-SMARTAG2.1.2.0
2023-11-15 16:29:36,013 [INFO] LogOutputStream:77 - [STDOUT_REDIRECT] 1 : Invalid condition id : UX_CORESTACK_Condition cause : null
2023-11-15 16:29:36,014 [INFO] LogOutputStream:77 - [STDOUT_REDIRECT] 1 : Invalid condition id : UX_CORESTACK_Condition cause : null
2023-11-15 16:29:36,017 [INFO] LogOutputStream:77 - [STDOUT_REDIRECT] 1 : Invalid condition id : UX_CORESTACK_Condition cause : null
2023-11-15 16:29:36,021 [INFO] LogOutputStream:77 - [STDOUT_REDIRECT] 1 : Invalid condition id : UX_CORESTACK_Condition cause : null
2023-11-15 16:29:36,023 [INFO] LogOutputStream:77 - [STDOUT_REDIRECT] 1 : Invalid condition id : UX_CORESTACK_Condition cause : null
2023-11-15 16:29:36,033 [WARN] PackLoader:240 - Cannot read IP mode file for STMicroelectronics.X-CUBE-AZRTOS-WL.2.0.0
2023-11-15 16:29:36,061 [WARN] PackLoader:240 - Cannot read IP mode file for WES.I-CUBE-Cesium.1.3.0
2023-11-15 16:29:36,083 [WARN] PackLoader:240 - Cannot read IP mode file for STMicroelectronics.X-CUBE-BLE2.3.3.0
2023-11-15 16:29:36,106 [WARN] PackLoader:240 - Cannot read IP mode file for STMicroelectronics.X-CUBE-ALGOBUILD.1.3.0
2023-11-15 16:29:36,156 [WARN] PackLoader:240 - Cannot read IP mode file for STMicroelectronics.X-CUBE-AZRTOS-G0.1.1.0
2023-11-15 16:29:36,187 [WARN] PackLoader:240 - Cannot read IP mode file for STMicroelectronics.X-CUBE-NFC4.3.0.0
2023-11-15 16:29:36,225 [WARN] PackLoader:240 - Cannot read IP mode file for STMicroelectronics.X-CUBE-BLEMGR.3.0.0
2023-11-15 16:29:36,248 [WARN] PackLoader:240 - Cannot read IP mode file for STMicroelectronics.FP-ATR-SIGFOX1.3.2.0
2023-11-15 16:29:36,330 [WARN] PackLoader:240 - Cannot read IP mode file for SEGGER.I-CUBE-embOS.1.3.1
2023-11-15 16:29:36,448 [WARN] PackLoader:240 - Cannot read IP mode file for STMicroelectronics.X-CUBE-GNSS1.6.0.0
2023-11-15 16:29:36,505 [WARN] PackLoader:240 - Cannot read IP mode file for STMicroelectronics.X-CUBE-AZRTOS-F4.1.1.0
2023-11-15 16:29:36,532 [WARN] PackLoader:240 - Cannot read IP mode file for wolfSSL.I-CUBE-wolfSSL.5.6.3
2023-11-15 16:29:36,592 [WARN] PackLoader:240 - Cannot read IP mode file for STMicroelectronics.X-CUBE-AZRTOS-L5.2.0.0
2023-11-15 16:29:36,797 [WARN] PackLoader:240 - Cannot read IP mode file for STMicroelectronics.X-CUBE-MEMS1.9.6.0
2023-11-15 16:29:37,346 [WARN] PackLoader:240 - Cannot read IP mode file for STMicroelectronics.X-CUBE-EEPRMA1.4.2.0
2023-11-15 16:29:37,375 [WARN] PackLoader:240 - Cannot read IP mode file for ITTIA_DB.I-CUBE-ITTIADB.8.8.0
2023-11-15 16:29:37,409 [WARN] PackLoader:240 - Cannot read IP mode file for STMicroelectronics.X-CUBE-BLEMGR.2.0.0
2023-11-15 16:29:37,494 [WARN] ConditionMgr:438 - getConditionDescription Invalid condition id : UX DEVICE CLASS RTOS Condition cause : null
2023-11-15 16:29:37,495 [WARN] ConditionMgr:438 - getConditionDescription Invalid condition id : UX DEVICE CLASS RTOS Condition cause : null
2023-11-15 16:29:37,512 [WARN] PackLoader:240 - Cannot read IP mode file for STMicroelectronics.X-CUBE-AZRTOS-H7.3.1.0
2023-11-15 16:29:37,514 [WARN] ConditionMgr:1039 - genDependencies : Invalid condition id : UX DEVICE CLASS RTOS Condition cause : null
2023-11-15 16:29:37,514 [WARN] ConditionMgr:1039 - genDependencies : Invalid condition id : UX DEVICE CLASS RTOS Condition cause : null
2023-11-15 16:29:37,516 [WARN] ConditionMgr:1039 - genDependencies : Invalid condition id : UX DEVICE CLASS RTOS Condition cause : null
2023-11-15 16:29:37,517 [WARN] ConditionMgr:1039 - genDependencies : Invalid condition id : UX DEVICE CLASS RTOS Condition cause : null
2023-11-15 16:29:37,518 [WARN] ConditionMgr:1039 - genDependencies : Invalid condition id : UX DEVICE CLASS RTOS Condition cause : null
2023-11-15 16:29:37,552 [WARN] PackLoader:240 - Cannot read IP mode file for STMicroelectronics.X-CUBE-NFC7.1.0.1
2023-11-15 16:29:37,590 [WARN] PackLoader:240 - Cannot read IP mode file for STMicroelectronics.X-CUBE-NFC6.3.0.0
2023-11-15 16:29:37,625 [WARN] PackLoader:240 - Cannot read IP mode file for STMicroelectronics.X-CUBE-EEPRMA1.4.1.0
2023-11-15 16:29:37,652 [WARN] PackLoader:240 - Cannot read IP mode file for STMicroelectronics.X-CUBE-AI.8.1.0
2023-11-15 16:29:37,734 [WARN] ConditionMgr:438 - getConditionDescription Invalid condition id : LAN8742 Phy interface Condition cause : null
2023-11-15 16:29:37,737 [WARN] PackLoader:240 - Cannot read IP mode file for STMicroelectronics.X-CUBE-AZRTOS-L4.2.0.0
2023-11-15 16:29:37,744 [WARN] ConditionMgr:1039 - genDependencies : Invalid condition id : LAN8742 Phy interface Condition cause : null
2023-11-15 16:29:37,745 [WARN] ConditionMgr:1039 - genDependencies : Invalid condition id : LAN8742 Phy interface Condition cause : null
2023-11-15 16:29:37,748 [WARN] ConditionMgr:1039 - genDependencies : Invalid condition id : LAN8742 Phy interface Condition cause : null
2023-11-15 16:29:37,786 [WARN] PackLoader:240 - Cannot read IP mode file for STMicroelectronics.X-CUBE-SFXS2LP1.4.0.0
2023-11-15 16:29:37,813 [WARN] PackLoader:240 - Cannot read IP mode file for STMicroelectronics.X-CUBE-ISPU.1.1.0
2023-11-15 16:29:37,875 [WARN] ConditionMgr:438 - getConditionDescription Invalid condition id : UX DEVICE CLASS RTOS Condition cause : null
2023-11-15 16:29:37,875 [WARN] ConditionMgr:438 - getConditionDescription Invalid condition id : UX DEVICE CLASS RTOS Condition cause : null
2023-11-15 16:29:37,886 [WARN] PackLoader:240 - Cannot read IP mode file for STMicroelectronics.X-CUBE-AZRTOS-WB.2.0.0
2023-11-15 16:29:37,889 [WARN] ConditionMgr:1039 - genDependencies : Invalid condition id : UX DEVICE CLASS RTOS Condition cause : null
2023-11-15 16:29:37,889 [WARN] ConditionMgr:1039 - genDependencies : Invalid condition id : UX DEVICE CLASS RTOS Condition cause : null
2023-11-15 16:29:37,892 [WARN] ConditionMgr:1039 - genDependencies : Invalid condition id : UX DEVICE CLASS RTOS Condition cause : null
2023-11-15 16:29:37,893 [WARN] ConditionMgr:1039 - genDependencies : Invalid condition id : UX DEVICE CLASS RTOS Condition cause : null
2023-11-15 16:29:37,893 [WARN] ConditionMgr:1039 - genDependencies : Invalid condition id : UX DEVICE CLASS RTOS Condition cause : null
2023-11-15 16:29:37,950 [WARN] PackLoader:240 - Cannot read IP mode file for STMicroelectronics.X-CUBE-SUBG2.5.0.0
2023-11-15 16:29:38,020 [WARN] PackLoader:240 - Cannot read IP mode file for STMicroelectronics.X-CUBE-TOF1.3.3.1
2023-11-15 16:29:38,127 [WARN] PackLoader:240 - Cannot read IP mode file for STMicroelectronics.X-CUBE-AZRTOS-G4.2.0.0
2023-11-15 16:29:38,191 [WARN] PackLoader:240 - Cannot read IP mode file for Infineon.AIROC-Wi-Fi-Bluetooth-STM32.1.5.1
2023-11-15 16:29:38,232 [WARN] PackLoader:240 - Cannot read IP mode file for STMicroelectronics.FP-SNS-MOTENVWB1.1.3.0
2023-11-15 16:29:38,425 [WARN] PackLoader:240 - Cannot read IP mode file for STMicroelectronics.X-CUBE-MEMS1.10.0.0
2023-11-15 16:29:38,789 [WARN] PackLoader:240 - Cannot read IP mode file for STMicroelectronics.X-CUBE-FREERTOS.1.1.0
2023-11-15 16:29:38,813 [WARN] PackLoader:240 - Cannot read IP mode file for portGmbH.I-Cube-SoM-uGOAL.1.1.0
2023-11-15 16:29:38,833 [WARN] PackLoader:240 - Cannot read IP mode file for STMicroelectronics.X-CUBE-ALS.1.0.1
2023-11-15 16:29:38,855 [WARN] PackLoader:240 - Cannot read IP mode file for STMicroelectronics.FP-ATR-ASTRA1.2.0.0
2023-11-15 16:29:38,856 [INFO] ThirdParty:978 - Integrity check success = true
2023-11-15 16:29:38,856 [INFO] IntegrityCheckThread:100 - exiting critical section [integrity check]
2023-11-15 16:29:38,857 [INFO] IntegrityCheckThread:103 - End integrity checks thread
2023-11-15 16:29:43,633 [ERROR] LogOutputStream:75 - [STDERR_REDIRECT] SLF4J: Failed to load class "org.slf4j.impl.StaticLoggerBinder".
2023-11-15 16:29:43,634 [ERROR] LogOutputStream:75 - [STDERR_REDIRECT] SLF4J: Defaulting to no-operation (NOP) logger implementation
2023-11-15 16:29:43,636 [ERROR] LogOutputStream:75 - [STDERR_REDIRECT] SLF4J: See http://www.slf4j.org/codes.html#StaticLoggerBinder for further details.
2023-11-15 16:30:41,633 [INFO] McuFinderGlobals:63 - Set McuFinder mode to 2 (CubeIDE integrated)
2023-11-15 16:30:41,690 [INFO] MainUpdater:2868 - connection check result : 10
2023-11-15 16:30:43,036 [INFO] ApiDb:581 - Connected to CubeFinder SQLite database (C:\Users\kiera\.stmcufinder\plugins\mcufinder\mcu\cube-finder-db.db)
2023-11-15 16:30:43,227 [INFO] ApiDb:668 - CubeFinder database Data Model version=2.1
2023-11-15 16:30:43,228 [INFO] ApiDb:669 - CubeFinder database Configuration version=3.0.37
2023-11-15 16:30:43,228 [INFO] ApiDb:670 - CubeFinder database generation date=2023-10-13 (1697197505)
2023-11-15 16:30:43,228 [INFO] ApiDb:671 - CubeFinder database FW Pack versions=[FP-ATR-ASTRA1_V2.0.0, FP-SNS-FLIGHT1_V5.0.1, FP-SNS-FLIGHT1_V5.0.2, FP-SNS-MOTENV1_V4.3.1, FP-SNS-MOTENV1_V4.3.2, FP-SNS-SMARTAG2_V1.2.0, I-CUBE-ITTIADB_V8.6.3-1, STM32Cube_FW_C0_V1.1.0, STM32Cube_FW_F4_V1.27.1, STM32Cube_FW_F7_V1.17.0, STM32Cube_FW_G0_V1.6.1, STM32Cube_FW_G4_V1.5.1, STM32Cube_FW_H5_V0.5.1, STM32Cube_FW_H5_V1.1.1, STM32Cube_FW_H7_V1.11.0, STM32Cube_FW_L0_V1.12.2, STM32Cube_FW_L5_V1.5.0, STM32Cube_FW_U5_V1.3.0, STM32Cube_FW_U5_V1.3.0RC4, STM32Cube_FW_WBA_V1.0.0RC1, STM32Cube_FW_WBA_V1.1.0RC1, STM32Cube_FW_WBA_V1.1.1, STM32Cube_FW_WB_V1.15.0RC1, STM32Cube_FW_WB_V1.16.0, STM32Cube_FW_WB_V1.16.0RC2, STM32Cube_FW_WB_V1.17.3, STM32Cube_FW_WL_V1.3.0, X-CUBE-ALGOBUILD_V1.3.0, X-CUBE-ALS_V1.0.1, X-CUBE-AZRTOS-F4_V1.1.0, X-CUBE-AZRTOS-F7_V1.1.0, X-CUBE-AZRTOS-G0_V1.1.0, X-CUBE-AZRTOS-G4_V2.0.0, X-CUBE-AZRTOS-H7_V3.1.0, X-CUBE-AZRTOS-L4_V1.0.0, X-CUBE-AZRTOS-L4_V2.0.0, X-CUBE-AZRTOS-L5_V1.1.0, X-CUBE-AZRTOS-WB_V2.0.0, X-CUBE-AZRTOS-WL_V2.0.0, X-CUBE-BLE1_V7.0.0, X-CUBE-BLE2_V3.3.0, X-CUBE-BLEMGR_V2.0.0, X-CUBE-EEPRMA1_V4.1.0, X-CUBE-FREERTOS_V1.1.0, X-CUBE-GNSS1_V6.0.0, X-CUBE-MEMS1_V10.0.0, X-CUBE-MEMS1_V9.1.0, X-CUBE-MEMS1_V9.4.0, X-CUBE-MEMS1_V9.6.0, X-CUBE-NFC4_V3.0.0, X-CUBE-NFC7_V1.0.1, X-CUBE-SFXS2LP1_V4.0.0, X-CUBE-SUBG2_V5.0.0, X-CUBE-TOF1_V3.3.1]
2023-11-15 16:30:43,514 [INFO] DbBoardsSqlite:226 - include board P-NUCLEO-WB55-NUCLEO as a kit item of type 'Nucleo-64'
2023-11-15 16:30:43,515 [INFO] DbBoardsSqlite:226 - include board P-NUCLEO-WB55-USBDONGLE as a kit item of type 'Nucleo USB Dongle'
2023-11-15 16:30:43,517 [INFO] DbBoardsSqlite:226 - include board STEVAL-IDP005V1 as a kit item of type 'Evaluation Board'
2023-11-15 16:30:43,518 [INFO] DbBoardsSqlite:226 - include board STEVAL-IDP005V2 as a kit item of type 'Evaluation Board'
2023-11-15 16:30:44,163 [INFO] ApiDb:240 - Found 323 in-development CPN: [B-G473E-ZEST1S, B-WB1M-WPAN1, B-WL5M-SUBG1, NUCLEO-C031C6, NUCLEO-H503RB, NUCLEO-H563ZI, NUCLEO-U545RE-Q, NUCLEO-U5A5ZJ-Q, NUCLEO-WBA52CG, STEVAL-PROTEUS1, STEVAL-SMARTAG2, STEVAL-STWINBX1, STM320518-EVAL, STM32C0116-DK, STM32C011D6Y3TR, STM32C011D6Y6TR, STM32C011F4P3, STM32C011F4P6, STM32C011F4U3, STM32C011F4U6TR, STM32C011F6P3, STM32C011F6P6, STM32C011F6U3, STM32C011F6U6TR, STM32C011J4M3, STM32C011J4M6, STM32C011J6M3, STM32C011J6M6, STM32C0316-DK, STM32C031C4T3, STM32C031C4T6, STM32C031C4U3, STM32C031C4U6, STM32C031C6T3, STM32C031C6T6, STM32C031C6U3, STM32C031C6U6, STM32C031F4P3, STM32C031F4P6, STM32C031F6P3, STM32C031F6P6, STM32C031G4U3, STM32C031G4U6, STM32C031G6U3, STM32C031G6U6, STM32C031K4T3, STM32C031K4T6, STM32C031K4U3, STM32C031K4U6, STM32C031K6T3, STM32C031K6T6, STM32C031K6U3, STM32C031K6U6, STM32G071K8TXN, STM32G071K8UXN, STM32G081GBU6N, STM32G081KBT6N, STM32G081KBUXN, STM32G0B1CCT6N, STM32G0B1KCT6, STM32G0B1NEY6TR, STM32G0B1RCT6N, STM32G0C1CCT6, STM32G0C1CCT6N, STM32G0C1CCU6N, STM32G0C1CET6N, STM32G0C1CEU6N, STM32G0C1KCT6, STM32G0C1NEY6TR, STM32G0C1RCI6N, STM32G0C1RCT6N, STM32G0C1REI6N, STM32G0C1RET6N, STM32G0C1VCI6, STM32G0C1VEI6, STM32G471CCT6, STM32G471CCU6, STM32G471CET3, STM32G471CET6, STM32G471CEU3, STM32G471CEU6, STM32G471MCT6, STM32G471MET3, STM32G471MET6, STM32G471MEY6TR, STM32G471QCT6, STM32G471QET3, STM32G471RCT6, STM32G471RET3, STM32G471RET6, STM32G471VCH6, STM32G471VCI6, STM32G471VCT6, STM32G471VEH3, STM32G471VEH6, STM32G471VEI3, STM32G471VEI6, STM32G471VET3, STM32G471VET6, STM32G474CCT6, STM32H503CBT6, STM32H503CBU6, STM32H503EBY6TR, STM32H503KBU6, STM32H503RBT6, STM32H562AGI6, STM32H562AII6, STM32H562IGK6, STM32H562IGT6, STM32H562IIK6, STM32H562IIT6, STM32H562RGT6, STM32H562RGV6, STM32H562RIT6, STM32H562RIV6, STM32H562VGT6, STM32H562VIT6, STM32H562ZGT6, STM32H562ZIT6, STM32H563AGI6, STM32H563AII3Q, STM32H563AII6, STM32H563IGK6, STM32H563IGT6, STM32H563IIK3Q, STM32H563IIK6, STM32H563IIT3Q, STM32H563IIT6, STM32H563MIY3QTR, STM32H563RGT6, STM32H563RGV6, STM32H563RIT6, STM32H563RIV6, STM32H563VGT6, STM32H563VIT3Q, STM32H563VIT6, STM32H563ZGT6, STM32H563ZIT3Q, STM32H563ZIT6, STM32H573AII3Q, STM32H573AII6, STM32H573I-DK, STM32H573IIK3Q, STM32H573IIK6, STM32H573IIT3Q, STM32H573IIT6, STM32H573MIY3QTR, STM32H573RIT6, STM32H573RIV6, STM32H573VIT3Q, STM32H573VIT6, STM32H573ZIT3Q, STM32H573ZIT6, STM32L4R5QGI6STR, STM32MP131AAE3, STM32MP131AAF3, STM32MP131AAG3, STM32MP131CAE3, STM32MP131CAF3, STM32MP131CAG3, STM32MP131DAE7, STM32MP131DAF7, STM32MP131DAG7, STM32MP131FAE7, STM32MP131FAF7, STM32MP131FAG7, STM32MP133AAE3, STM32MP133AAF3, STM32MP133AAG3, STM32MP133CAE3, STM32MP133CAF3, STM32MP133CAG3, STM32MP133DAE7, STM32MP133DAF7, STM32MP133DAG7, STM32MP133FAE7, STM32MP133FAF7, STM32MP133FAG7, STM32MP135AAE3, STM32MP135AAF3, STM32MP135AAG3, STM32MP135CAE3, STM32MP135CAF3, STM32MP135CAG3, STM32MP135DAE7, STM32MP135DAF7, STM32MP135DAG7, STM32MP135F-DK, STM32MP135FAE7, STM32MP135FAF7, STM32MP135FAF7T, STM32MP135FAF7U, STM32MP135FAG7, STM32U535CBT6, STM32U535CBT6Q, STM32U535CBU6, STM32U535CBU6Q, STM32U535CCT6, STM32U535CCT6Q, STM32U535CCU6, STM32U535CCU6Q, STM32U535CET6, STM32U535CET6Q, STM32U535CEU6, STM32U535CEU6Q, STM32U535JEY6QTR, STM32U535NCY6QTR, STM32U535NEY6QTR, STM32U535RBI6, STM32U535RBI6Q, STM32U535RBT6, STM32U535RBT6Q, STM32U535RCI6, STM32U535RCI6Q, STM32U535RCT6, STM32U535RCT6Q, STM32U535REI6, STM32U535REI6Q, STM32U535RET6, STM32U535RET6Q, STM32U535VCI6, STM32U535VCI6Q, STM32U535VCT6, STM32U535VCT6Q, STM32U535VEI6, STM32U535VEI6Q, STM32U535VET6, STM32U535VET6Q, STM32U545CET6, STM32U545CET6Q, STM32U545CEU6, STM32U545CEU6Q, STM32U545JEY6QTR, STM32U545NEY6QTR, STM32U545REI6, STM32U545REI6Q, STM32U545RET6, STM32U545RET6Q, STM32U545VEI6, STM32U545VEI6Q, STM32U545VET6, STM32U545VET6Q, STM32U595AIH6, STM32U595AIH6Q, STM32U595AJH6, STM32U595AJH6Q, STM32U595QII6, STM32U595QII6Q, STM32U595QJI6, STM32U595QJI6Q, STM32U595RIT6, STM32U595RIT6Q, STM32U595RJT6, STM32U595RJT6Q, STM32U595VIT6, STM32U595VIT6Q, STM32U595VJT6, STM32U595VJT6Q, STM32U595ZIT6, STM32U595ZIT6Q, STM32U595ZIY6QTR, STM32U595ZJT6, STM32U595ZJT6Q, STM32U595ZJY6QTR, STM32U599BJY6QTR, STM32U599NIH6Q, STM32U599NJH6Q, STM32U599VIT6Q, STM32U599VJT6, STM32U599VJT6Q, STM32U599ZIT6Q, STM32U599ZIY6QTR, STM32U599ZJT6Q, STM32U599ZJY6QTR, STM32U5A5AJH6, STM32U5A5AJH6Q, STM32U5A5QJI6, STM32U5A5QJI6Q, STM32U5A5RJT6, STM32U5A5RJT6Q, STM32U5A5VJT6, STM32U5A5VJT6Q, STM32U5A5ZJT6, STM32U5A5ZJT6Q, STM32U5A5ZJY6QTR, STM32U5A9BJY6QTR, STM32U5A9J-DK, STM32U5A9NJH6Q, STM32U5A9VJT6Q, STM32U5A9ZJT6Q, STM32U5A9ZJY6QTR, STM32U5F7VIT6, STM32U5F7VIT6Q, STM32U5F7VJT6, STM32U5F7VJT6Q, STM32U5F9BJY6QTR, STM32U5F9NJH6Q, STM32U5F9VIT6Q, STM32U5F9VJT6Q, STM32U5F9ZIJ6QTR, STM32U5F9ZIT6Q, STM32U5F9ZJJ6QTR, STM32U5F9ZJT6Q, STM32U5G7VJT6, STM32U5G7VJT6Q, STM32U5G9BJY6QTR, STM32U5G9J-DK1, STM32U5G9J-DK2, STM32U5G9NJH6Q, STM32U5G9VJT6Q, STM32U5G9ZJJ6QTR, STM32U5G9ZJT6Q, STM32WB1MMCH6, STM32WBA52CEU6, STM32WBA52CEU6T, STM32WBA52CGU6, STM32WBA52CGU6T, STM32WBA52KEU6, STM32WBA52KEU6T, STM32WBA52KGU6, STM32WBA52KGU6T, STM32WL5MOCH6, STM32WL5MOCH6TR]
2023-11-15 16:30:44,428 [INFO] BoardInfo:880 - No configuration file found for board P-NUCLEO-WB55
2023-11-15 16:30:44,428 [INFO] DbBoards:157 - Kit is not supported: P-NUCLEO-WB55
2023-11-15 16:30:44,439 [INFO] BoardInfo:880 - No configuration file found for board STEVAL-BFA001V1B
2023-11-15 16:30:44,439 [INFO] DbBoards:157 - Kit is not supported: STEVAL-BFA001V1B
2023-11-15 16:30:44,441 [INFO] BoardInfo:880 - No configuration file found for board STEVAL-BFA001V2B
2023-11-15 16:30:44,441 [INFO] DbBoards:157 - Kit is not supported: STEVAL-BFA001V2B
2023-11-15 16:30:44,730 [INFO] DbBoards:161 - Found 190 boards, 187 are supported
2023-11-15 16:30:44,737 [INFO] ApiDb:668 - CubeFinder database Data Model version=2.1
2023-11-15 16:30:44,737 [INFO] ApiDb:669 - CubeFinder database Configuration version=3.0.37
2023-11-15 16:30:44,737 [INFO] ApiDb:670 - CubeFinder database generation date=2023-10-13 (1697197505)
2023-11-15 16:30:44,738 [INFO] ApiDb:671 - CubeFinder database FW Pack versions=[FP-ATR-ASTRA1_V2.0.0, FP-SNS-FLIGHT1_V5.0.1, FP-SNS-FLIGHT1_V5.0.2, FP-SNS-MOTENV1_V4.3.1, FP-SNS-MOTENV1_V4.3.2, FP-SNS-SMARTAG2_V1.2.0, I-CUBE-ITTIADB_V8.6.3-1, STM32Cube_FW_C0_V1.1.0, STM32Cube_FW_F4_V1.27.1, STM32Cube_FW_F7_V1.17.0, STM32Cube_FW_G0_V1.6.1, STM32Cube_FW_G4_V1.5.1, STM32Cube_FW_H5_V0.5.1, STM32Cube_FW_H5_V1.1.1, STM32Cube_FW_H7_V1.11.0, STM32Cube_FW_L0_V1.12.2, STM32Cube_FW_L5_V1.5.0, STM32Cube_FW_U5_V1.3.0, STM32Cube_FW_U5_V1.3.0RC4, STM32Cube_FW_WBA_V1.0.0RC1, STM32Cube_FW_WBA_V1.1.0RC1, STM32Cube_FW_WBA_V1.1.1, STM32Cube_FW_WB_V1.15.0RC1, STM32Cube_FW_WB_V1.16.0, STM32Cube_FW_WB_V1.16.0RC2, STM32Cube_FW_WB_V1.17.3, STM32Cube_FW_WL_V1.3.0, X-CUBE-ALGOBUILD_V1.3.0, X-CUBE-ALS_V1.0.1, X-CUBE-AZRTOS-F4_V1.1.0, X-CUBE-AZRTOS-F7_V1.1.0, X-CUBE-AZRTOS-G0_V1.1.0, X-CUBE-AZRTOS-G4_V2.0.0, X-CUBE-AZRTOS-H7_V3.1.0, X-CUBE-AZRTOS-L4_V1.0.0, X-CUBE-AZRTOS-L4_V2.0.0, X-CUBE-AZRTOS-L5_V1.1.0, X-CUBE-AZRTOS-WB_V2.0.0, X-CUBE-AZRTOS-WL_V2.0.0, X-CUBE-BLE1_V7.0.0, X-CUBE-BLE2_V3.3.0, X-CUBE-BLEMGR_V2.0.0, X-CUBE-EEPRMA1_V4.1.0, X-CUBE-FREERTOS_V1.1.0, X-CUBE-GNSS1_V6.0.0, X-CUBE-MEMS1_V10.0.0, X-CUBE-MEMS1_V9.1.0, X-CUBE-MEMS1_V9.4.0, X-CUBE-MEMS1_V9.6.0, X-CUBE-NFC4_V3.0.0, X-CUBE-NFC7_V1.0.1, X-CUBE-SFXS2LP1_V4.0.0, X-CUBE-SUBG2_V5.0.0, X-CUBE-TOF1_V3.3.1]
2023-11-15 16:30:49,282 [INFO] ApiDb:240 - Found 323 in-development CPN: [B-G473E-ZEST1S, B-WB1M-WPAN1, B-WL5M-SUBG1, NUCLEO-C031C6, NUCLEO-H503RB, NUCLEO-H563ZI, NUCLEO-U545RE-Q, NUCLEO-U5A5ZJ-Q, NUCLEO-WBA52CG, STEVAL-PROTEUS1, STEVAL-SMARTAG2, STEVAL-STWINBX1, STM320518-EVAL, STM32C0116-DK, STM32C011D6Y3TR, STM32C011D6Y6TR, STM32C011F4P3, STM32C011F4P6, STM32C011F4U3, STM32C011F4U6TR, STM32C011F6P3, STM32C011F6P6, STM32C011F6U3, STM32C011F6U6TR, STM32C011J4M3, STM32C011J4M6, STM32C011J6M3, STM32C011J6M6, STM32C0316-DK, STM32C031C4T3, STM32C031C4T6, STM32C031C4U3, STM32C031C4U6, STM32C031C6T3, STM32C031C6T6, STM32C031C6U3, STM32C031C6U6, STM32C031F4P3, STM32C031F4P6, STM32C031F6P3, STM32C031F6P6, STM32C031G4U3, STM32C031G4U6, STM32C031G6U3, STM32C031G6U6, STM32C031K4T3, STM32C031K4T6, STM32C031K4U3, STM32C031K4U6, STM32C031K6T3, STM32C031K6T6, STM32C031K6U3, STM32C031K6U6, STM32G071K8TXN, STM32G071K8UXN, STM32G081GBU6N, STM32G081KBT6N, STM32G081KBUXN, STM32G0B1CCT6N, STM32G0B1KCT6, STM32G0B1NEY6TR, STM32G0B1RCT6N, STM32G0C1CCT6, STM32G0C1CCT6N, STM32G0C1CCU6N, STM32G0C1CET6N, STM32G0C1CEU6N, STM32G0C1KCT6, STM32G0C1NEY6TR, STM32G0C1RCI6N, STM32G0C1RCT6N, STM32G0C1REI6N, STM32G0C1RET6N, STM32G0C1VCI6, STM32G0C1VEI6, STM32G471CCT6, STM32G471CCU6, STM32G471CET3, STM32G471CET6, STM32G471CEU3, STM32G471CEU6, STM32G471MCT6, STM32G471MET3, STM32G471MET6, STM32G471MEY6TR, STM32G471QCT6, STM32G471QET3, STM32G471RCT6, STM32G471RET3, STM32G471RET6, STM32G471VCH6, STM32G471VCI6, STM32G471VCT6, STM32G471VEH3, STM32G471VEH6, STM32G471VEI3, STM32G471VEI6, STM32G471VET3, STM32G471VET6, STM32G474CCT6, STM32H503CBT6, STM32H503CBU6, STM32H503EBY6TR, STM32H503KBU6, STM32H503RBT6, STM32H562AGI6, STM32H562AII6, STM32H562IGK6, STM32H562IGT6, STM32H562IIK6, STM32H562IIT6, STM32H562RGT6, STM32H562RGV6, STM32H562RIT6, STM32H562RIV6, STM32H562VGT6, STM32H562VIT6, STM32H562ZGT6, STM32H562ZIT6, STM32H563AGI6, STM32H563AII3Q, STM32H563AII6, STM32H563IGK6, STM32H563IGT6, STM32H563IIK3Q, STM32H563IIK6, STM32H563IIT3Q, STM32H563IIT6, STM32H563MIY3QTR, STM32H563RGT6, STM32H563RGV6, STM32H563RIT6, STM32H563RIV6, STM32H563VGT6, STM32H563VIT3Q, STM32H563VIT6, STM32H563ZGT6, STM32H563ZIT3Q, STM32H563ZIT6, STM32H573AII3Q, STM32H573AII6, STM32H573I-DK, STM32H573IIK3Q, STM32H573IIK6, STM32H573IIT3Q, STM32H573IIT6, STM32H573MIY3QTR, STM32H573RIT6, STM32H573RIV6, STM32H573VIT3Q, STM32H573VIT6, STM32H573ZIT3Q, STM32H573ZIT6, STM32L4R5QGI6STR, STM32MP131AAE3, STM32MP131AAF3, STM32MP131AAG3, STM32MP131CAE3, STM32MP131CAF3, STM32MP131CAG3, STM32MP131DAE7, STM32MP131DAF7, STM32MP131DAG7, STM32MP131FAE7, STM32MP131FAF7, STM32MP131FAG7, STM32MP133AAE3, STM32MP133AAF3, STM32MP133AAG3, STM32MP133CAE3, STM32MP133CAF3, STM32MP133CAG3, STM32MP133DAE7, STM32MP133DAF7, STM32MP133DAG7, STM32MP133FAE7, STM32MP133FAF7, STM32MP133FAG7, STM32MP135AAE3, STM32MP135AAF3, STM32MP135AAG3, STM32MP135CAE3, STM32MP135CAF3, STM32MP135CAG3, STM32MP135DAE7, STM32MP135DAF7, STM32MP135DAG7, STM32MP135F-DK, STM32MP135FAE7, STM32MP135FAF7, STM32MP135FAF7T, STM32MP135FAF7U, STM32MP135FAG7, STM32U535CBT6, STM32U535CBT6Q, STM32U535CBU6, STM32U535CBU6Q, STM32U535CCT6, STM32U535CCT6Q, STM32U535CCU6, STM32U535CCU6Q, STM32U535CET6, STM32U535CET6Q, STM32U535CEU6, STM32U535CEU6Q, STM32U535JEY6QTR, STM32U535NCY6QTR, STM32U535NEY6QTR, STM32U535RBI6, STM32U535RBI6Q, STM32U535RBT6, STM32U535RBT6Q, STM32U535RCI6, STM32U535RCI6Q, STM32U535RCT6, STM32U535RCT6Q, STM32U535REI6, STM32U535REI6Q, STM32U535RET6, STM32U535RET6Q, STM32U535VCI6, STM32U535VCI6Q, STM32U535VCT6, STM32U535VCT6Q, STM32U535VEI6, STM32U535VEI6Q, STM32U535VET6, STM32U535VET6Q, STM32U545CET6, STM32U545CET6Q, STM32U545CEU6, STM32U545CEU6Q, STM32U545JEY6QTR, STM32U545NEY6QTR, STM32U545REI6, STM32U545REI6Q, STM32U545RET6, STM32U545RET6Q, STM32U545VEI6, STM32U545VEI6Q, STM32U545VET6, STM32U545VET6Q, STM32U595AIH6, STM32U595AIH6Q, STM32U595AJH6, STM32U595AJH6Q, STM32U595QII6, STM32U595QII6Q, STM32U595QJI6, STM32U595QJI6Q, STM32U595RIT6, STM32U595RIT6Q, STM32U595RJT6, STM32U595RJT6Q, STM32U595VIT6, STM32U595VIT6Q, STM32U595VJT6, STM32U595VJT6Q, STM32U595ZIT6, STM32U595ZIT6Q, STM32U595ZIY6QTR, STM32U595ZJT6, STM32U595ZJT6Q, STM32U595ZJY6QTR, STM32U599BJY6QTR, STM32U599NIH6Q, STM32U599NJH6Q, STM32U599VIT6Q, STM32U599VJT6, STM32U599VJT6Q, STM32U599ZIT6Q, STM32U599ZIY6QTR, STM32U599ZJT6Q, STM32U599ZJY6QTR, STM32U5A5AJH6, STM32U5A5AJH6Q, STM32U5A5QJI6, STM32U5A5QJI6Q, STM32U5A5RJT6, STM32U5A5RJT6Q, STM32U5A5VJT6, STM32U5A5VJT6Q, STM32U5A5ZJT6, STM32U5A5ZJT6Q, STM32U5A5ZJY6QTR, STM32U5A9BJY6QTR, STM32U5A9J-DK, STM32U5A9NJH6Q, STM32U5A9VJT6Q, STM32U5A9ZJT6Q, STM32U5A9ZJY6QTR, STM32U5F7VIT6, STM32U5F7VIT6Q, STM32U5F7VJT6, STM32U5F7VJT6Q, STM32U5F9BJY6QTR, STM32U5F9NJH6Q, STM32U5F9VIT6Q, STM32U5F9VJT6Q, STM32U5F9ZIJ6QTR, STM32U5F9ZIT6Q, STM32U5F9ZJJ6QTR, STM32U5F9ZJT6Q, STM32U5G7VJT6, STM32U5G7VJT6Q, STM32U5G9BJY6QTR, STM32U5G9J-DK1, STM32U5G9J-DK2, STM32U5G9NJH6Q, STM32U5G9VJT6Q, STM32U5G9ZJJ6QTR, STM32U5G9ZJT6Q, STM32WB1MMCH6, STM32WBA52CEU6, STM32WBA52CEU6T, STM32WBA52CGU6, STM32WBA52CGU6T, STM32WBA52KEU6, STM32WBA52KEU6T, STM32WBA52KGU6, STM32WBA52KGU6T, STM32WL5MOCH6, STM32WL5MOCH6TR]
2023-11-15 16:30:49,292 [INFO] DbMcus:217 - Found 3848 MCUs, 3848 are supported
2023-11-15 16:30:49,295 [INFO] ApiDb:423 - Load user favorites file C:\Users\kiera/.stm32cubeide/favorites.mcus.txt: 0 item(s)
2023-11-15 16:30:49,295 [INFO] ApiDb:427 - User favorites MCUs=[]
2023-11-15 16:30:49,295 [INFO] DbMcus:223 - Set 0 / 0 favorites MCUs
2023-11-15 16:30:49,809 [INFO] ApiDb:423 - Load user favorites file C:\Users\kiera/.stm32cubeide/favorites.boards.txt: 0 item(s)
2023-11-15 16:30:49,810 [INFO] ApiDb:427 - User favorites Boards=[]
2023-11-15 16:30:49,810 [INFO] DbBoards:190 - Set 0 / 0 favorites Boards
2023-11-15 16:30:49,810 [INFO] McuFinderGlobals:76 - Set McuFinderConnectedMode to true
2023-11-15 16:30:49,821 [INFO] MultiScanPanel:200 - Auto-refresh data requested => check proxy status ongoing
2023-11-15 16:30:49,826 [INFO] FinderPluginLoader:95 - Searching for filters in installed packs
2023-11-15 16:30:52,742 [INFO] LoadUrlFilesThread:185 - End of LoadServerUrlFiles without Thread
2023-11-15 16:30:52,755 [INFO] DetailPanel:341 - Set advertising image to C:/Users/kiera/STM32Cube/Repository/\en.prom-stm32h5-mcu-finder.jpg
2023-11-15 16:31:21,079 [INFO] MainUpdater:2868 - connection check result : 10
2023-11-15 16:31:21,079 [INFO] MainUpdater:2868 - connection check result : 10
2023-11-15 16:31:21,132 [INFO] MicroXplorer:468 - Change Database Path : 
2023-11-15 16:31:21,132 [INFO] MicroXplorer:498 - Change Database Version : DB.6.0.92
2023-11-15 16:31:21,139 [WARN] ThirdParty:871 - waiting for thirdparty lock release [close project]
2023-11-15 16:31:21,139 [INFO] ThirdParty:873 - entering critical section [close project]
2023-11-15 16:31:21,141 [INFO] ThirdParty:883 - exiting critical section [close project]
2023-11-15 16:31:21,145 [INFO] PinOutPanel:1499 - setPackage(No Configuration,No Configuration)
2023-11-15 16:31:21,155 [INFO] UtilMem:75 - Begin LoadConfig() Used Memory: 662736008 Bytes (896532480)
2023-11-15 16:31:21,157 [INFO] MicroXplorer:468 - Change Database Path : 
2023-11-15 16:31:21,158 [INFO] MicroXplorer:498 - Change Database Version : DB.6.0.92
2023-11-15 16:31:21,158 [INFO] OpenFileManager:308 - Change cursor
2023-11-15 16:31:21,390 [INFO] Mcu:1946 - Initializing MCU STM32F446RETx STM32F446RETx STM32F446RET6
2023-11-15 16:31:25,388 [INFO] Context:659 - Trying to add GPIOservice into a context  which must be forbidden
2023-11-15 16:31:26,481 [INFO] ImportTextPane:194 - (OptionalMessage_ERROR) Unable to find key (Mcu.ThirdPartyNb) in loaded IOC file
2023-11-15 16:31:26,481 [INFO] ImportTextPane:194 - (OptionalMessage_ERROR) Unable to find key (Mcu.PinsNb) in loaded IOC file
2023-11-15 16:31:26,481 [INFO] ImportTextPane:194 - (OptionalMessage_ERROR) Unable to find key (Mcu.IPNb) in loaded IOC file
2023-11-15 16:31:26,951 [INFO] RtosManager:555 - Registered RTOS mode: class=CMSIS, group=RTOS, mode=CMSIS_V1, owner=FREERTOS
2023-11-15 16:31:26,951 [INFO] RtosManager:555 - Registered RTOS mode: class=CMSIS, group=RTOS2, mode=CMSIS_V2, owner=FREERTOS
2023-11-15 16:31:26,951 [INFO] RtosManager:555 - Registered RTOS mode: class=RTOS, group=Core, mode=CMSIS_V1, owner=FREERTOS
2023-11-15 16:31:26,952 [INFO] RtosManager:555 - Registered RTOS mode: class=RTOS, group=Core, mode=CMSIS_V2, owner=FREERTOS
2023-11-15 16:31:26,952 [WARN] ModelIntegratedComponent:184 - Missing modes for component STMicroelectronics:FreeRTOS:0.0.1:STMicroelectronics:RTOS:FreeRTOS:Core:::10.2.0:
2023-11-15 16:31:26,983 [WARN] ModelIntegratedComponent:63 - No mode defined for component null
2023-11-15 16:31:26,983 [WARN] ModelIntegratedComponent:63 - No mode defined for component null
2023-11-15 16:31:26,983 [WARN] ModelIntegratedComponent:63 - No mode defined for component null
2023-11-15 16:31:26,983 [WARN] ModelIntegratedComponent:63 - No mode defined for component null
2023-11-15 16:31:26,984 [WARN] ModelIntegratedComponent:63 - No mode defined for component null
2023-11-15 16:31:26,984 [WARN] ModelIntegratedComponent:63 - No mode defined for component null
2023-11-15 16:31:26,984 [WARN] ModelIntegratedComponent:63 - No mode defined for component null
2023-11-15 16:31:26,984 [WARN] ModelIntegratedComponent:63 - No mode defined for component null
2023-11-15 16:31:26,984 [WARN] ModelIntegratedComponent:63 - No mode defined for component null
2023-11-15 16:31:26,984 [WARN] ModelIntegratedComponent:63 - No mode defined for component null
2023-11-15 16:31:26,984 [WARN] ModelIntegratedComponent:63 - No mode defined for component null
2023-11-15 16:31:26,985 [WARN] ModelIntegratedComponent:63 - No mode defined for component null
2023-11-15 16:31:26,985 [WARN] ModelIntegratedComponent:63 - No mode defined for component null
2023-11-15 16:31:26,985 [WARN] ModelIntegratedComponent:63 - No mode defined for component null
2023-11-15 16:31:26,985 [WARN] ModelIntegratedComponent:63 - No mode defined for component null
2023-11-15 16:31:26,985 [WARN] ModelIntegratedComponent:63 - No mode defined for component null
2023-11-15 16:31:26,985 [WARN] ModelIntegratedComponent:63 - No mode defined for component null
2023-11-15 16:31:26,985 [WARN] ModelIntegratedComponent:63 - No mode defined for component null
2023-11-15 16:31:26,986 [WARN] ModelIntegratedComponent:63 - No mode defined for component null
2023-11-15 16:31:26,986 [WARN] ModelIntegratedComponent:63 - No mode defined for component null
2023-11-15 16:31:26,986 [WARN] ModelIntegratedComponent:63 - No mode defined for component null
2023-11-15 16:31:26,986 [WARN] ModelIntegratedComponent:63 - No mode defined for component null
2023-11-15 16:31:26,986 [WARN] ModelIntegratedComponent:63 - No mode defined for component null
2023-11-15 16:31:26,986 [WARN] ModelIntegratedComponent:63 - No mode defined for component null
2023-11-15 16:31:26,987 [WARN] ModelIntegratedComponent:63 - No mode defined for component null
2023-11-15 16:31:26,987 [WARN] ModelIntegratedComponent:63 - No mode defined for component null
2023-11-15 16:31:26,987 [WARN] ModelIntegratedComponent:63 - No mode defined for component null
2023-11-15 16:31:26,987 [WARN] ModelIntegratedComponent:63 - No mode defined for component null
2023-11-15 16:31:26,987 [WARN] ModelIntegratedComponent:63 - No mode defined for component null
2023-11-15 16:31:26,987 [WARN] ModelIntegratedComponent:63 - No mode defined for component null
2023-11-15 16:31:26,987 [WARN] ModelIntegratedComponent:63 - No mode defined for component null
2023-11-15 16:31:26,988 [WARN] ModelIntegratedComponent:63 - No mode defined for component null
2023-11-15 16:31:26,988 [WARN] ModelIntegratedComponent:63 - No mode defined for component null
2023-11-15 16:31:27,253 [INFO] ThirdPartyModel:298 - Start build external matchings
2023-11-15 16:31:28,672 [INFO] ThirdPartyModel:316 - End build external matchings
2023-11-15 16:31:29,226 [INFO] UtilMem:75 - End LoadConfig() Used Memory: 707849616 Bytes (896532480)
2023-11-15 16:31:29,321 [WARN] ThirdParty:833 - waiting for thirdparty lock release [change project]
2023-11-15 16:31:29,322 [INFO] ThirdParty:835 - entering critical section [change project]
2023-11-15 16:31:29,322 [INFO] ThirdParty:1030 - CMSIS Pack Vendor :STMicroelectronics X-CUBE-ISPU 1.1.0
2023-11-15 16:31:29,322 [INFO] ThirdParty:1030 - CMSIS Pack Vendor :STMicroelectronics USBPD 4.1
2023-11-15 16:31:29,322 [INFO] ThirdParty:1030 - CMSIS Pack Vendor :STMicroelectronics X-CUBE-GNSS1 6.0.0
2023-11-15 16:31:29,322 [INFO] ThirdParty:1030 - CMSIS Pack Vendor :STMicroelectronics USB_HOST 2.0.0
2023-11-15 16:31:29,323 [INFO] ThirdParty:1030 - CMSIS Pack Vendor :STMicroelectronics X-CUBE-AZRTOS-F4 1.1.0
2023-11-15 16:31:29,323 [INFO] ThirdParty:1030 - CMSIS Pack Vendor :STMicroelectronics LIBJPEG 8.0.0
2023-11-15 16:31:29,323 [INFO] ThirdParty:1030 - CMSIS Pack Vendor :wolfSSL I-CUBE-wolfSSL 5.6.3
2023-11-15 16:31:29,323 [INFO] ThirdParty:1030 - CMSIS Pack Vendor :STMicroelectronics X-CUBE-SMBUS 2.1.0
2023-11-15 16:31:29,323 [INFO] ThirdParty:1030 - CMSIS Pack Vendor :STMicroelectronics USB_DEVICE 3.0.0
2023-11-15 16:31:29,323 [INFO] ThirdParty:1030 - CMSIS Pack Vendor :STMicroelectronics X-CUBE-AZRTOS-WB 2.0.0
2023-11-15 16:31:29,323 [INFO] ThirdParty:1030 - CMSIS Pack Vendor :STMicroelectronics X-CUBE-AZRTOS-F7 1.1.0
2023-11-15 16:31:29,324 [INFO] ThirdParty:1030 - CMSIS Pack Vendor :STMicroelectronics X-CUBE-AZRTOS-L5 2.0.0
2023-11-15 16:31:29,324 [INFO] ThirdParty:1030 - CMSIS Pack Vendor :STMicroelectronics USB_DEVICE 2.0.0
2023-11-15 16:31:29,324 [INFO] ThirdParty:1030 - CMSIS Pack Vendor :STMicroelectronics X-CUBE-MEMS1 9.6.0
2023-11-15 16:31:29,324 [INFO] ThirdParty:1030 - CMSIS Pack Vendor :STMicroelectronics X-CUBE-EEPRMA1 4.2.0
2023-11-15 16:31:29,324 [INFO] ThirdParty:1030 - CMSIS Pack Vendor :ITTIA_DB I-CUBE-ITTIADB 8.8.0
2023-11-15 16:31:29,324 [INFO] ThirdParty:1030 - CMSIS Pack Vendor :STMicroelectronics FP-SNS-MOTENV1 4.3.2
2023-11-15 16:31:29,325 [INFO] ThirdParty:1030 - CMSIS Pack Vendor :STMicroelectronics X-CUBE-ALGOBUILD 1.3.0
2023-11-15 16:31:29,325 [INFO] ThirdParty:1030 - CMSIS Pack Vendor :STMicroelectronics FreeRTOS 0.0.1
2023-11-15 16:31:29,325 [INFO] ThirdParty:1030 - CMSIS Pack Vendor :STMicroelectronics X-CUBE-AZRTOS-G0 1.1.0
2023-11-15 16:31:29,325 [INFO] ThirdParty:1030 - CMSIS Pack Vendor :STMicroelectronics X-CUBE-BLEMGR 2.0.0
2023-11-15 16:31:29,326 [INFO] ThirdParty:1030 - CMSIS Pack Vendor :STMicroelectronics X-CUBE-NFC4 3.0.0
2023-11-15 16:31:29,326 [INFO] ThirdParty:1030 - CMSIS Pack Vendor :STMicroelectronics X-CUBE-SUBG2 5.0.0
2023-11-15 16:31:29,326 [INFO] ThirdParty:1030 - CMSIS Pack Vendor :STMicroelectronics STM32_WPAN 1.0.0
2023-11-15 16:31:29,326 [INFO] ThirdParty:1030 - CMSIS Pack Vendor :STMicroelectronics lwIP 2.0.3
2023-11-15 16:31:29,326 [INFO] ThirdParty:1030 - CMSIS Pack Vendor :STMicroelectronics FP-SNS-FLIGHT1 5.0.2
2023-11-15 16:31:29,327 [INFO] ThirdParty:1030 - CMSIS Pack Vendor :STMicroelectronics USB_HOST 1.0.0
2023-11-15 16:31:29,327 [INFO] ThirdParty:1030 - CMSIS Pack Vendor :STMicroelectronics X-CUBE-TOF1 3.3.1
2023-11-15 16:31:29,327 [INFO] ThirdParty:1030 - CMSIS Pack Vendor :STMicroelectronics X-CUBE-AZRTOS-G4 2.0.0
2023-11-15 16:31:29,327 [INFO] ThirdParty:1030 - CMSIS Pack Vendor :STMicroelectronics PDM2PCM 3.1.0
2023-11-15 16:31:29,327 [INFO] ThirdParty:1030 - CMSIS Pack Vendor :STMicroelectronics X-CUBE-AZRTOS-H7 3.1.0
2023-11-15 16:31:29,328 [INFO] ThirdParty:1030 - CMSIS Pack Vendor :Infineon AIROC-Wi-Fi-Bluetooth-STM32 1.5.1
2023-11-15 16:31:29,328 [INFO] ThirdParty:1030 - CMSIS Pack Vendor :STMicroelectronics X-CUBE-BLEMGR 3.0.0
2023-11-15 16:31:29,328 [INFO] ThirdParty:1030 - CMSIS Pack Vendor :STMicroelectronics PDM2PCM 3.3.0
2023-11-15 16:31:29,328 [INFO] ThirdParty:1030 - CMSIS Pack Vendor :STMicroelectronics X-CUBE-DISPLAY 3.0.0
2023-11-15 16:31:29,328 [INFO] ThirdParty:1030 - CMSIS Pack Vendor :STMicroelectronics FP-SNS-MOTENVWB1 1.3.0
2023-11-15 16:31:29,328 [INFO] ThirdParty:1030 - CMSIS Pack Vendor :STMicroelectronics X-CUBE-BLE1 7.0.0
2023-11-15 16:31:29,329 [INFO] ThirdParty:1030 - CMSIS Pack Vendor :STMicroelectronics FP-ATR-SIGFOX1 3.2.0
2023-11-15 16:31:29,329 [INFO] ThirdParty:1030 - CMSIS Pack Vendor :STMicroelectronics HAL Drivers 0.0.0
2023-11-15 16:31:29,329 [INFO] ThirdParty:1030 - CMSIS Pack Vendor :STMicroelectronics MBEDTLS 2.16.2
2023-11-15 16:31:29,329 [INFO] ThirdParty:1030 - CMSIS Pack Vendor :emotas I-CUBE-CANOPEN 1.3.0
2023-11-15 16:31:29,329 [INFO] ThirdParty:1030 - CMSIS Pack Vendor :STMicroelectronics X-CUBE-MEMS1 10.0.0
2023-11-15 16:31:29,330 [INFO] ThirdParty:1030 - CMSIS Pack Vendor :STMicroelectronics X-CUBE-FREERTOS 1.1.0
2023-11-15 16:31:29,330 [INFO] ThirdParty:1030 - CMSIS Pack Vendor :STMicroelectronics X-CUBE-TOUCHGFX 4.22.0
2023-11-15 16:31:29,330 [INFO] ThirdParty:1030 - CMSIS Pack Vendor :STMicroelectronics X-CUBE-NFC7 1.0.1
2023-11-15 16:31:29,330 [INFO] ThirdParty:1030 - CMSIS Pack Vendor :STMicroelectronics MBEDTLS 2.14.1
2023-11-15 16:31:29,330 [INFO] ThirdParty:1030 - CMSIS Pack Vendor :STMicroelectronics X-CUBE-TOUCHGFX 4.22.1
2023-11-15 16:31:29,330 [INFO] ThirdParty:1030 - CMSIS Pack Vendor :STMicroelectronics X-CUBE-NFC6 3.0.0
2023-11-15 16:31:29,331 [INFO] ThirdParty:1030 - CMSIS Pack Vendor :STMicroelectronics X-CUBE-EEPRMA1 4.1.0
2023-11-15 16:31:29,331 [INFO] ThirdParty:1030 - CMSIS Pack Vendor :portGmbH I-Cube-SoM-uGOAL 1.1.0
2023-11-15 16:31:29,331 [INFO] ThirdParty:1030 - CMSIS Pack Vendor :STMicroelectronics X-CUBE-ALS 1.0.1
2023-11-15 16:31:29,331 [INFO] ThirdParty:1030 - CMSIS Pack Vendor :STMicroelectronics ThreadX 1.0.0
2023-11-15 16:31:29,331 [INFO] ThirdParty:1030 - CMSIS Pack Vendor :STMicroelectronics FP-SNS-SMARTAG2 1.2.0
2023-11-15 16:31:29,331 [INFO] ThirdParty:1030 - CMSIS Pack Vendor :STMicroelectronics X-CUBE-AZRTOS-WL 2.0.0
2023-11-15 16:31:29,331 [INFO] ThirdParty:1030 - CMSIS Pack Vendor :SEGGER I-CUBE-embOS 1.3.1
2023-11-15 16:31:29,331 [INFO] ThirdParty:1030 - CMSIS Pack Vendor :STMicroelectronics USB_DEVICE 1.0.0
2023-11-15 16:31:29,332 [INFO] ThirdParty:1030 - CMSIS Pack Vendor :STMicroelectronics X-CUBE-AI 8.1.0
2023-11-15 16:31:29,332 [INFO] ThirdParty:1030 - CMSIS Pack Vendor :STMicroelectronics X-CUBE-AZRTOS-L4 2.0.0
2023-11-15 16:31:29,332 [INFO] ThirdParty:1030 - CMSIS Pack Vendor :STMicroelectronics ThreadX 0.0.2
2023-11-15 16:31:29,332 [INFO] ThirdParty:1030 - CMSIS Pack Vendor :WES I-CUBE-Cesium 1.3.0
2023-11-15 16:31:29,332 [INFO] ThirdParty:1030 - CMSIS Pack Vendor :STMicroelectronics FP-ATR-ASTRA1 2.0.0
2023-11-15 16:31:29,332 [INFO] ThirdParty:1030 - CMSIS Pack Vendor :STMicroelectronics lwIP 2.1.2
2023-11-15 16:31:29,333 [INFO] ThirdParty:1030 - CMSIS Pack Vendor :STMicroelectronics X-CUBE-SFXS2LP1 4.0.0
2023-11-15 16:31:29,333 [INFO] ThirdParty:1030 - CMSIS Pack Vendor :STMicroelectronics X-CUBE-BLE2 3.3.0
2023-11-15 16:31:29,333 [INFO] ThirdParty:1030 - CMSIS Pack Vendor :STMicroelectronics PDM2PCM 3.2.0
2023-11-15 16:31:29,333 [INFO] ThirdParty:841 - exiting critical section [change project]
2023-11-15 16:31:30,277 [INFO] PinOutPanel:1499 - setPackage(No Configuration,No Configuration)
2023-11-15 16:31:30,280 [INFO] PinOutPanel:1499 - setPackage(STM32F446RETx,LQFP64)
2023-11-15 16:31:31,844 [INFO] UtilMem:75 - Before build in PCC Used Memory: 685937568 Bytes (896532480)
2023-11-15 16:31:34,923 [INFO] UtilMem:75 - After build in PCC Used Memory: 750949280 Bytes (896532480)
2023-11-15 16:31:34,993 [INFO] IPUIPlugin:80 - create IPUIPlugin
2023-11-15 16:31:34,993 [INFO] IPUIPlugin:80 - create IPUIPlugin
2023-11-15 16:31:34,994 [INFO] IPUIPlugin:80 - create IPUIPlugin
2023-11-15 16:31:34,994 [INFO] IPUIPlugin:80 - create IPUIPlugin
2023-11-15 16:31:34,994 [INFO] IPUIPlugin:80 - create IPUIPlugin
2023-11-15 16:31:34,994 [INFO] IPUIPlugin:80 - create IPUIPlugin
2023-11-15 16:31:34,994 [INFO] IPUIPlugin:80 - create IPUIPlugin
2023-11-15 16:31:34,995 [INFO] IPUIPlugin:80 - create IPUIPlugin
2023-11-15 16:31:34,995 [INFO] IPUIPlugin:80 - create IPUIPlugin
2023-11-15 16:31:34,995 [INFO] IPUIPlugin:80 - create IPUIPlugin
2023-11-15 16:31:34,996 [INFO] IPUIPlugin:80 - create IPUIPlugin
2023-11-15 16:31:34,996 [INFO] IPUIPlugin:80 - create IPUIPlugin
2023-11-15 16:31:34,996 [INFO] IPUIPlugin:80 - create IPUIPlugin
2023-11-15 16:31:34,997 [INFO] IPUIPlugin:80 - create IPUIPlugin
2023-11-15 16:31:34,997 [INFO] IPUIPlugin:80 - create IPUIPlugin
2023-11-15 16:31:34,997 [INFO] IPUIPlugin:80 - create IPUIPlugin
2023-11-15 16:31:34,997 [INFO] IPUIPlugin:80 - create IPUIPlugin
2023-11-15 16:31:34,998 [INFO] IPUIPlugin:80 - create IPUIPlugin
2023-11-15 16:31:34,998 [INFO] IPUIPlugin:80 - create IPUIPlugin
2023-11-15 16:31:34,998 [INFO] IPUIPlugin:80 - create IPUIPlugin
2023-11-15 16:31:34,998 [INFO] IPUIPlugin:80 - create IPUIPlugin
2023-11-15 16:31:34,999 [INFO] IPUIPlugin:80 - create IPUIPlugin
2023-11-15 16:31:34,999 [INFO] IPUIPlugin:80 - create IPUIPlugin
2023-11-15 16:31:34,999 [INFO] IPUIPlugin:80 - create IPUIPlugin
2023-11-15 16:31:34,999 [INFO] IPUIPlugin:80 - create IPUIPlugin
2023-11-15 16:31:35,001 [INFO] IPUIPlugin:80 - create IPUIPlugin
2023-11-15 16:31:35,002 [INFO] IPUIPlugin:80 - create IPUIPlugin
2023-11-15 16:31:35,002 [INFO] IPUIPlugin:80 - create IPUIPlugin
2023-11-15 16:31:35,002 [INFO] IPUIPlugin:80 - create IPUIPlugin
2023-11-15 16:31:35,002 [INFO] IPUIPlugin:80 - create IPUIPlugin
2023-11-15 16:31:35,003 [INFO] IPUIPlugin:80 - create IPUIPlugin
2023-11-15 16:31:35,003 [INFO] IPUIPlugin:80 - create IPUIPlugin
2023-11-15 16:31:35,004 [INFO] IPUIPlugin:80 - create IPUIPlugin
2023-11-15 16:31:35,004 [INFO] IPUIPlugin:80 - create IPUIPlugin
2023-11-15 16:31:35,005 [INFO] IPUIPlugin:80 - create IPUIPlugin
2023-11-15 16:31:35,006 [INFO] IPUIPlugin:80 - create IPUIPlugin
2023-11-15 16:31:35,006 [INFO] IPUIPlugin:80 - create IPUIPlugin
2023-11-15 16:31:35,006 [INFO] IPUIPlugin:80 - create IPUIPlugin
2023-11-15 16:31:35,007 [INFO] IPUIPlugin:80 - create IPUIPlugin
2023-11-15 16:31:35,008 [INFO] IPUIPlugin:80 - create IPUIPlugin
2023-11-15 16:31:35,008 [INFO] IPUIPlugin:80 - create IPUIPlugin
2023-11-15 16:31:35,009 [INFO] IPUIPlugin:80 - create IPUIPlugin
2023-11-15 16:31:35,009 [INFO] IPUIPlugin:80 - create IPUIPlugin
2023-11-15 16:31:35,011 [INFO] IPUIPlugin:80 - create IPUIPlugin
2023-11-15 16:31:35,011 [INFO] IPUIPlugin:80 - create IPUIPlugin
2023-11-15 16:31:35,012 [INFO] IPUIPlugin:80 - create IPUIPlugin
2023-11-15 16:31:35,013 [INFO] IPUIPlugin:80 - create IPUIPlugin
2023-11-15 16:31:35,013 [INFO] IPUIPlugin:80 - create IPUIPlugin
2023-11-15 16:31:35,014 [INFO] IPUIPlugin:80 - create IPUIPlugin
2023-11-15 16:31:35,015 [INFO] IPUIPlugin:80 - create IPUIPlugin
2023-11-15 16:31:35,015 [INFO] IPUIPlugin:80 - create IPUIPlugin
2023-11-15 16:31:35,016 [INFO] IPUIPlugin:80 - create IPUIPlugin
2023-11-15 16:31:35,017 [INFO] IPUIPlugin:80 - create IPUIPlugin
2023-11-15 16:31:35,018 [INFO] IPUIPlugin:80 - create IPUIPlugin
2023-11-15 16:31:35,019 [INFO] IPUIPlugin:80 - create IPUIPlugin
2023-11-15 16:31:35,020 [INFO] IPUIPlugin:80 - create IPUIPlugin
2023-11-15 16:31:35,021 [INFO] IPUIPlugin:80 - create IPUIPlugin
2023-11-15 16:31:35,024 [INFO] IPUIPlugin:80 - create IPUIPlugin
2023-11-15 16:31:35,025 [INFO] IPUIPlugin:80 - create IPUIPlugin
2023-11-15 16:31:35,026 [INFO] IPUIPlugin:80 - create IPUIPlugin
2023-11-15 16:31:35,556 [INFO] ApiDbMcu:507 - Load IP Config File for PDM2PCM
2023-11-15 16:31:36,085 [INFO] CADModel:165 - CPN selected for project levelSTM32F446RET6
2023-11-15 16:31:36,086 [INFO] CADModel:114 - Register for checkConnection events
2023-11-15 16:31:36,164 [INFO] OpenFileManager:328 - Restore cursor
2023-11-15 16:31:41,282 [INFO] UtilMem:75 - End SaveConfig() Used Memory: 669262400 Bytes (896532480)
2023-11-15 16:31:41,431 [INFO] UtilMem:75 - End SaveConfig() Used Memory: 692327784 Bytes (896532480)
2023-11-15 16:31:42,403 [INFO] BlockDiagram:2759 - set Specific Code input for plugin: RCC
2023-11-15 16:31:42,403 [INFO] BlockDiagram:2759 - set Specific Code input for plugin: NVIC
2023-11-15 16:31:42,406 [INFO] CodeGenerator:799 - code generatio: config db path: C:\ST\STM32CubeIDE_1.13.1\STM32CubeIDE\plugins\com.st.stm32cube.common.mx_6.9.2.202309101412\\db\
2023-11-15 16:31:43,131 [INFO] CodeEngine:255 - oldGeneratedFile, C:\Users\kiera\STM32CubeIDE\workspace_1.13.1\mic_tutorial\amp_stuff\MXTmpFiles\license.tmp_save
2023-11-15 16:31:43,963 [INFO] CodeEngine:279 - Generated code: C:\Users\kiera\STM32CubeIDE\workspace_1.13.1\mic_tutorial\amp_stuff\MXTmpFiles\license.tmp
2023-11-15 16:31:44,019 [INFO] CodeEngine:255 - oldGeneratedFile, C:\Users\kiera\STM32CubeIDE\workspace_1.13.1\mic_tutorial\amp_stuff\Core\Src\stm32f4xx_it.c_save
2023-11-15 16:31:44,597 [INFO] CodeEngine:279 - Generated code: C:\Users\kiera\STM32CubeIDE\workspace_1.13.1\mic_tutorial\amp_stuff\Core\Src\stm32f4xx_it.c
2023-11-15 16:31:44,628 [INFO] CodeEngine:255 - oldGeneratedFile, C:\Users\kiera\STM32CubeIDE\workspace_1.13.1\mic_tutorial\amp_stuff\Core\Inc\stm32f4xx_it.h_save
2023-11-15 16:31:44,864 [INFO] CodeEngine:279 - Generated code: C:\Users\kiera\STM32CubeIDE\workspace_1.13.1\mic_tutorial\amp_stuff\Core\Inc\stm32f4xx_it.h
2023-11-15 16:31:45,197 [INFO] CodeEngine:255 - oldGeneratedFile, C:\Users\kiera\STM32CubeIDE\workspace_1.13.1\mic_tutorial\amp_stuff\Core\Src\stm32f4xx_hal_msp.c_save
2023-11-15 16:31:45,597 [INFO] CodeEngine:279 - Generated code: C:\Users\kiera\STM32CubeIDE\workspace_1.13.1\mic_tutorial\amp_stuff\Core\Src\stm32f4xx_hal_msp.c
2023-11-15 16:31:45,619 [INFO] CodeEngine:255 - oldGeneratedFile, C:\Users\kiera\STM32CubeIDE\workspace_1.13.1\mic_tutorial\amp_stuff\MXTmpFiles\system.tmp_save
2023-11-15 16:31:45,863 [INFO] CodeEngine:279 - Generated code: C:\Users\kiera\STM32CubeIDE\workspace_1.13.1\mic_tutorial\amp_stuff\MXTmpFiles\system.tmp
2023-11-15 16:31:45,915 [INFO] CodeEngine:311 - oldGeneratedFile, C:\Users\kiera\STM32CubeIDE\workspace_1.13.1\mic_tutorial\amp_stuff\Core\Inc\stm32f4xx_hal_conf.h_save
2023-11-15 16:31:46,242 [INFO] CodeEngine:335 - Generated code: C:\Users\kiera\STM32CubeIDE\workspace_1.13.1\mic_tutorial\amp_stuff\Core\Inc\stm32f4xx_hal_conf.h
2023-11-15 16:31:46,376 [WARN] IPConfigManager:2937 - Warning: the RefConfig PLL2P_FOR_MCO is not available in your config.xml file
2023-11-15 16:31:46,426 [INFO] CodeEngine:255 - oldGeneratedFile, C:\Users\kiera\STM32CubeIDE\workspace_1.13.1\mic_tutorial\amp_stuff\Core\Inc\main.h_save
2023-11-15 16:31:46,748 [INFO] CodeEngine:279 - Generated code: C:\Users\kiera\STM32CubeIDE\workspace_1.13.1\mic_tutorial\amp_stuff\Core\Inc\main.h
2023-11-15 16:31:46,783 [INFO] CodeEngine:255 - oldGeneratedFile, C:\Users\kiera\STM32CubeIDE\workspace_1.13.1\mic_tutorial\amp_stuff\Core\Src\main.c_save
2023-11-15 16:31:47,244 [INFO] CodeEngine:279 - Generated code: C:\Users\kiera\STM32CubeIDE\workspace_1.13.1\mic_tutorial\amp_stuff\Core\Src\main.c
2023-11-15 16:31:48,755 [INFO] ProjectBuilder:3064 - Time for Copy HAL[1] : 271mS.
2023-11-15 16:31:48,814 [INFO] ProjectBuilder:4404 - Project Generator version: 4.1.0
2023-11-15 16:31:49,311 [INFO] ConfigFileManager:1457 - The Die is : DIE421
2023-11-15 16:31:49,351 [INFO] ApiDbMcu:507 - Load IP Config File for FATFS
2023-11-15 16:31:49,377 [INFO] ApiDbMcu:507 - Load IP Config File for FREERTOS
2023-11-15 16:31:49,396 [INFO] ApiDbMcu:507 - Load IP Config File for LIBJPEG
2023-11-15 16:31:49,425 [INFO] ApiDbMcu:507 - Load IP Config File for MBEDTLS
2023-11-15 16:31:49,459 [INFO] ApiDbMcu:507 - Load IP Config File for USB_DEVICE
2023-11-15 16:31:49,483 [INFO] ApiDbMcu:507 - Load IP Config File for USB_HOST
2023-11-15 16:31:51,925 [INFO] LogOutputStream:77 - [STDOUT_REDIRECT] 
2023-11-15 16:31:58,416 [INFO] ProjectBuilder:4626 - Time for Generating toolchain IDE Files: 9602mS.
2023-11-15 16:31:58,418 [INFO] ProjectBuilder:2935 - Time for Copy CMSIS : 2mS.
2023-11-15 16:31:58,429 [INFO] ProjectBuilder:2935 - Time for Copy CMSIS : 0mS.
2023-11-15 16:32:00,496 [INFO] McuFinderGlobals:76 - Set McuFinderConnectedMode to true
2023-11-15 16:32:00,511 [INFO] ApiDb:448 - Save user favorites file C:\Users\kiera/.stm32cubeide/favorites.mcus.txt: 0 item(s)
2023-11-15 16:32:00,511 [INFO] ApiDb:452 - User favorites MCUs=[]
2023-11-15 16:32:57,901 [INFO] I2sManager:658 - 9.6E7
2023-11-15 16:32:57,901 [INFO] I2sManager:195 - I2S Clock Value : 9.6E7
2023-11-15 16:32:57,905 [INFO] I2sManager:553 - AudioClock : 8000Divider : 187Odd : 1
2023-11-15 16:32:58,195 [INFO] I2sManager:658 - 9.6E7
2023-11-15 16:32:58,196 [INFO] I2sManager:195 - I2S Clock Value : 9.6E7
2023-11-15 16:32:58,196 [INFO] I2sManager:553 - AudioClock : 8000Divider : 187Odd : 1
2023-11-15 16:32:58,444 [INFO] NvicIntPanel:101 - NVIC parent = com.st.microxplorer.plugins.ip.nvic.MultiNvicIntPanel[,0,0,0x0,invalid,layout=javax.swing.BoxLayout,alignmentX=0.0,alignmentY=0.0,border=,flags=9,maximumSize=,minimumSize=,preferredSize=]
2023-11-15 16:33:30,736 [INFO] I2sManager:658 - 9.6E7
2023-11-15 16:33:30,736 [INFO] I2sManager:195 - I2S Clock Value : 9.6E7
2023-11-15 16:33:30,736 [INFO] I2sManager:553 - AudioClock : 44117Divider : 34Odd : 0
2023-11-15 16:33:30,833 [INFO] I2sManager:658 - 9.6E7
2023-11-15 16:33:30,833 [INFO] I2sManager:195 - I2S Clock Value : 9.6E7
2023-11-15 16:33:30,833 [INFO] I2sManager:553 - AudioClock : 44117Divider : 34Odd : 0
2023-11-15 16:41:51,283 [INFO] NvicIntPanel:101 - NVIC parent = com.st.microxplorer.plugins.ip.nvic.MultiNvicIntPanel[,0,0,450x278,layout=javax.swing.BoxLayout,alignmentX=0.0,alignmentY=0.0,border=,flags=9,maximumSize=,minimumSize=,preferredSize=]
2023-11-15 16:41:54,351 [INFO] NvicIntPanel:101 - NVIC parent = com.st.microxplorer.plugins.ip.nvic.MultiNvicIntPanel[,0,0,0x0,invalid,layout=javax.swing.BoxLayout,alignmentX=0.0,alignmentY=0.0,border=,flags=9,maximumSize=,minimumSize=,preferredSize=]
2023-11-15 16:42:09,220 [INFO] NvicIntPanel:101 - NVIC parent = com.st.microxplorer.plugins.ip.nvic.MultiNvicIntPanel[,0,0,0x0,invalid,layout=javax.swing.BoxLayout,alignmentX=0.0,alignmentY=0.0,border=,flags=9,maximumSize=,minimumSize=,preferredSize=]
2023-11-15 16:42:16,494 [INFO] NvicIntPanel:101 - NVIC parent = com.st.microxplorer.plugins.ip.nvic.MultiNvicIntPanel[,0,0,0x0,invalid,layout=javax.swing.BoxLayout,alignmentX=0.0,alignmentY=0.0,border=,flags=9,maximumSize=,minimumSize=,preferredSize=]
2023-11-15 17:09:04,362 [INFO] NvicIntPanel:101 - NVIC parent = com.st.microxplorer.plugins.ip.nvic.MultiNvicIntPanel[,0,0,0x0,invalid,layout=javax.swing.BoxLayout,alignmentX=0.0,alignmentY=0.0,border=,flags=9,maximumSize=,minimumSize=,preferredSize=]
2023-11-15 17:09:04,452 [INFO] I2sManager:553 - AudioClock : 44117Divider : 17Odd : 0
2023-11-15 17:12:38,424 [INFO] NvicIntPanel:101 - NVIC parent = com.st.microxplorer.plugins.ip.nvic.MultiNvicIntPanel[,0,0,0x0,invalid,layout=javax.swing.BoxLayout,alignmentX=0.0,alignmentY=0.0,border=,flags=9,maximumSize=,minimumSize=,preferredSize=]
2023-11-15 17:12:38,522 [INFO] I2sManager:658 - 9.6E7
2023-11-15 17:12:38,522 [INFO] I2sManager:195 - I2S Clock Value : 9.6E7
2023-11-15 17:12:38,522 [INFO] I2sManager:553 - AudioClock : 15957Divider : 47Odd : 0
2023-11-15 17:12:38,692 [INFO] NvicIntPanel:101 - NVIC parent = com.st.microxplorer.plugins.ip.nvic.MultiNvicIntPanel[,0,0,0x0,invalid,layout=javax.swing.BoxLayout,alignmentX=0.0,alignmentY=0.0,border=,flags=9,maximumSize=,minimumSize=,preferredSize=]
2023-11-15 17:22:12,000 [INFO] UtilMem:75 - End SaveConfig() Used Memory: 510104120 Bytes (1073741824)
2023-11-15 17:22:12,823 [INFO] UtilMem:75 - End SaveConfig() Used Memory: 536318520 Bytes (1073741824)
2023-11-15 17:22:17,252 [INFO] UtilMem:75 - End SaveConfig() Used Memory: 630163400 Bytes (1073741824)
2023-11-15 17:22:17,945 [INFO] BlockDiagram:2759 - set Specific Code input for plugin: I2S
2023-11-15 17:22:17,945 [INFO] BlockDiagram:2759 - set Specific Code input for plugin: RCC
2023-11-15 17:22:17,945 [INFO] BlockDiagram:2759 - set Specific Code input for plugin: NVIC
2023-11-15 17:22:17,945 [INFO] BlockDiagram:2759 - set Specific Code input for plugin: DMA
2023-11-15 17:22:17,946 [INFO] BlockDiagram:2759 - set Specific Code input for plugin: GPIO
2023-11-15 17:22:17,948 [INFO] CodeGenerator:799 - code generatio: config db path: C:\ST\STM32CubeIDE_1.13.1\STM32CubeIDE\plugins\com.st.stm32cube.common.mx_6.9.2.202309101412\\db\
2023-11-15 17:22:18,347 [INFO] CodeEngine:255 - oldGeneratedFile, C:\Users\kiera\STM32CubeIDE\workspace_1.13.1\mic_tutorial\amp_stuff\MXTmpFiles\license.tmp_save
2023-11-15 17:22:18,753 [INFO] CodeEngine:279 - Generated code: C:\Users\kiera\STM32CubeIDE\workspace_1.13.1\mic_tutorial\amp_stuff\MXTmpFiles\license.tmp
2023-11-15 17:22:18,909 [INFO] CodeEngine:255 - oldGeneratedFile, C:\Users\kiera\STM32CubeIDE\workspace_1.13.1\mic_tutorial\amp_stuff\MXTmpFiles\gpio.tmp_save
2023-11-15 17:22:19,421 [INFO] CodeEngine:279 - Generated code: C:\Users\kiera\STM32CubeIDE\workspace_1.13.1\mic_tutorial\amp_stuff\MXTmpFiles\gpio.tmp
2023-11-15 17:22:19,673 [INFO] CodeEngine:255 - oldGeneratedFile, C:\Users\kiera\STM32CubeIDE\workspace_1.13.1\mic_tutorial\amp_stuff\MXTmpFiles\dma.tmp_save
2023-11-15 17:22:19,988 [INFO] CodeEngine:279 - Generated code: C:\Users\kiera\STM32CubeIDE\workspace_1.13.1\mic_tutorial\amp_stuff\MXTmpFiles\dma.tmp
2023-11-15 17:22:20,012 [INFO] CodeEngine:255 - oldGeneratedFile, C:\Users\kiera\STM32CubeIDE\workspace_1.13.1\mic_tutorial\amp_stuff\MXTmpFiles\dma_GV.tmp_save
2023-11-15 17:22:20,218 [INFO] CodeEngine:279 - Generated code: C:\Users\kiera\STM32CubeIDE\workspace_1.13.1\mic_tutorial\amp_stuff\MXTmpFiles\dma_GV.tmp
2023-11-15 17:22:20,275 [INFO] CodeEngine:255 - oldGeneratedFile, C:\Users\kiera\STM32CubeIDE\workspace_1.13.1\mic_tutorial\amp_stuff\Core\Src\stm32f4xx_it.c_save
2023-11-15 17:22:20,900 [INFO] CodeEngine:279 - Generated code: C:\Users\kiera\STM32CubeIDE\workspace_1.13.1\mic_tutorial\amp_stuff\Core\Src\stm32f4xx_it.c
2023-11-15 17:22:20,915 [INFO] CodeEngine:255 - oldGeneratedFile, C:\Users\kiera\STM32CubeIDE\workspace_1.13.1\mic_tutorial\amp_stuff\Core\Inc\stm32f4xx_it.h_save
2023-11-15 17:22:21,143 [INFO] CodeEngine:279 - Generated code: C:\Users\kiera\STM32CubeIDE\workspace_1.13.1\mic_tutorial\amp_stuff\Core\Inc\stm32f4xx_it.h
2023-11-15 17:22:21,215 [INFO] CodeEngine:255 - oldGeneratedFile, C:\Users\kiera\STM32CubeIDE\workspace_1.13.1\mic_tutorial\amp_stuff\Core\Src\stm32f4xx_hal_msp.c_save
2023-11-15 17:22:21,637 [INFO] CodeEngine:279 - Generated code: C:\Users\kiera\STM32CubeIDE\workspace_1.13.1\mic_tutorial\amp_stuff\Core\Src\stm32f4xx_hal_msp.c
2023-11-15 17:22:21,651 [INFO] CodeEngine:255 - oldGeneratedFile, C:\Users\kiera\STM32CubeIDE\workspace_1.13.1\mic_tutorial\amp_stuff\MXTmpFiles\system.tmp_save
2023-11-15 17:22:21,827 [INFO] CodeEngine:279 - Generated code: C:\Users\kiera\STM32CubeIDE\workspace_1.13.1\mic_tutorial\amp_stuff\MXTmpFiles\system.tmp
2023-11-15 17:22:21,873 [INFO] CodeEngine:311 - oldGeneratedFile, C:\Users\kiera\STM32CubeIDE\workspace_1.13.1\mic_tutorial\amp_stuff\Core\Inc\stm32f4xx_hal_conf.h_save
2023-11-15 17:22:22,197 [INFO] CodeEngine:335 - Generated code: C:\Users\kiera\STM32CubeIDE\workspace_1.13.1\mic_tutorial\amp_stuff\Core\Inc\stm32f4xx_hal_conf.h
2023-11-15 17:22:22,282 [WARN] IPConfigManager:2937 - Warning: the RefConfig PLL2P_FOR_MCO is not available in your config.xml file
2023-11-15 17:22:22,345 [INFO] CodeEngine:255 - oldGeneratedFile, C:\Users\kiera\STM32CubeIDE\workspace_1.13.1\mic_tutorial\amp_stuff\Core\Inc\main.h_save
2023-11-15 17:22:22,651 [INFO] CodeEngine:279 - Generated code: C:\Users\kiera\STM32CubeIDE\workspace_1.13.1\mic_tutorial\amp_stuff\Core\Inc\main.h
2023-11-15 17:22:22,707 [INFO] CodeEngine:255 - oldGeneratedFile, C:\Users\kiera\STM32CubeIDE\workspace_1.13.1\mic_tutorial\amp_stuff\Core\Src\main.c_save
2023-11-15 17:22:23,050 [INFO] CodeEngine:279 - Generated code: C:\Users\kiera\STM32CubeIDE\workspace_1.13.1\mic_tutorial\amp_stuff\Core\Src\main.c
2023-11-15 17:22:24,270 [INFO] ProjectBuilder:3064 - Time for Copy HAL[1] : 334mS.
2023-11-15 17:22:24,280 [INFO] ProjectBuilder:4404 - Project Generator version: 4.1.0
2023-11-15 17:22:24,993 [INFO] ConfigFileManager:1457 - The Die is : DIE421
2023-11-15 17:22:28,860 [INFO] ProjectBuilder:4626 - Time for Generating toolchain IDE Files: 4581mS.
2023-11-15 17:22:28,862 [INFO] ProjectBuilder:2935 - Time for Copy CMSIS : 1mS.
2023-11-15 17:22:28,869 [INFO] ProjectBuilder:2935 - Time for Copy CMSIS : 0mS.
