2023-11-17 19:21:15,395 [INFO] Activator:176 - 


2023-11-17 19:21:15,399 [INFO] Activator:177 - !SESSION log4j initialized
2023-11-17 19:21:22,859 [INFO] LogOutputStream:77 - [STDOUT_REDIRECT] 
2023-11-17 19:21:25,605 [INFO] ApplicationProperties:184 - Using Application install path: C:\ST\STM32CubeIDE_1.13.1\STM32CubeIDE\plugins\com.st.stm32cube.common.mx_6.9.2.202309101412
2023-11-17 19:21:25,622 [INFO] DbMcusXml:78 - Set database path to: C:\ST\STM32CubeIDE_1.13.1\STM32CubeIDE\plugins\com.st.stm32cube.common.mx_6.9.2.202309101412\\db\/mcu/
2023-11-17 19:21:25,623 [INFO] ApiDb:274 - Set plugin database path to: C:\ST\STM32CubeIDE_1.13.1\STM32CubeIDE\plugins\com.st.stm32cube.common.mx_6.9.2.202309101412\\db\/plugins/boardmanager/
2023-11-17 19:21:25,624 [WARN] ApiDb:259 - Overriding images path with different value:  => C:\ST\STM32CubeIDE_1.13.1\STM32CubeIDE\plugins\com.st.stm32cube.common.mx_6.9.2.202309101412\\db\/plugins/mcufinder/images/
2023-11-17 19:21:25,641 [INFO] ApiDb:250 - Set database path to: C:\Users\kiera\.stmcufinder\plugins\mcufinder//mcu/
2023-11-17 19:21:25,642 [INFO] DbMcusAds:125 - Set database path to: C:\Users\kiera\.stmcufinder\plugins\mcufinder//mcu/
2023-11-17 19:21:25,643 [INFO] CrossReferenceDbSqlite:203 - Set database path to: C:\Users\kiera\.stmcufinder\plugins\mcufinder//mcu/cs/
2023-11-17 19:21:25,757 [INFO] RulesReader:64 - Compatibility file has been processed (293 Rules)
2023-11-17 19:21:25,884 [INFO] DbMcusXml:78 - Set database path to: C:\ST\STM32CubeIDE_1.13.1\STM32CubeIDE\plugins\com.st.stm32cube.common.mx_6.9.2.202309101412\\db\/mcu/
2023-11-17 19:21:25,884 [INFO] ApiDb:274 - Set plugin database path to: C:\ST\STM32CubeIDE_1.13.1\STM32CubeIDE\plugins\com.st.stm32cube.common.mx_6.9.2.202309101412\\db\/plugins/boardmanager/
2023-11-17 19:21:25,884 [INFO] ApiDb:261 - Set plugin images path to: C:\ST\STM32CubeIDE_1.13.1\STM32CubeIDE\plugins\com.st.stm32cube.common.mx_6.9.2.202309101412\\db\/plugins/mcufinder/images/
2023-11-17 19:21:25,884 [WARN] DbFile:41 - Overriding database path with different value: C:\Users\kiera\.stmcufinder\plugins\mcufinder/ => C:\Users\kiera\.stmcufinder\plugins\mcufinder
2023-11-17 19:21:25,884 [INFO] ApiDb:250 - Set database path to: C:\Users\kiera\.stmcufinder\plugins\mcufinder//mcu/
2023-11-17 19:21:25,884 [WARN] DbFile:41 - Overriding database path with different value: C:\Users\kiera\.stmcufinder\plugins\mcufinder/ => C:\Users\kiera\.stmcufinder\plugins\mcufinder
2023-11-17 19:21:25,885 [INFO] DbMcusAds:125 - Set database path to: C:\Users\kiera\.stmcufinder\plugins\mcufinder//mcu/
2023-11-17 19:21:25,885 [WARN] DbFile:41 - Overriding database path with different value: C:\Users\kiera\.stmcufinder\plugins\mcufinder/ => C:\Users\kiera\.stmcufinder\plugins\mcufinder
2023-11-17 19:21:25,885 [WARN] DbFile:41 - Overriding database path with different value: C:\Users\kiera\.stmcufinder\plugins\mcufinder/ => C:\Users\kiera\.stmcufinder\plugins\mcufinder
2023-11-17 19:21:25,885 [INFO] CrossReferenceDbSqlite:203 - Set database path to: C:\Users\kiera\.stmcufinder\plugins\mcufinder//mcu/cs/
2023-11-17 19:21:25,962 [INFO] MainPanel:262 - HeapMemory: 268435456
2023-11-17 19:21:26,041 [INFO] DbMcusXml:78 - Set database path to: C:\ST\STM32CubeIDE_1.13.1\STM32CubeIDE\plugins\com.st.stm32cube.common.mx_6.9.2.202309101412\\db\/mcu/
2023-11-17 19:21:26,041 [INFO] ApiDb:274 - Set plugin database path to: C:\ST\STM32CubeIDE_1.13.1\STM32CubeIDE\plugins\com.st.stm32cube.common.mx_6.9.2.202309101412\\db\/plugins/boardmanager/
2023-11-17 19:21:26,041 [INFO] ApiDb:261 - Set plugin images path to: C:\ST\STM32CubeIDE_1.13.1\STM32CubeIDE\plugins\com.st.stm32cube.common.mx_6.9.2.202309101412\\db\/plugins/mcufinder/images/
2023-11-17 19:21:26,042 [WARN] DbFile:41 - Overriding database path with different value: C:\Users\kiera\.stmcufinder\plugins\mcufinder/ => C:\Users\kiera\.stmcufinder\plugins\mcufinder
2023-11-17 19:21:26,042 [INFO] ApiDb:250 - Set database path to: C:\Users\kiera\.stmcufinder\plugins\mcufinder//mcu/
2023-11-17 19:21:26,042 [WARN] DbFile:41 - Overriding database path with different value: C:\Users\kiera\.stmcufinder\plugins\mcufinder/ => C:\Users\kiera\.stmcufinder\plugins\mcufinder
2023-11-17 19:21:26,042 [INFO] DbMcusAds:125 - Set database path to: C:\Users\kiera\.stmcufinder\plugins\mcufinder//mcu/
2023-11-17 19:21:26,042 [WARN] DbFile:41 - Overriding database path with different value: C:\Users\kiera\.stmcufinder\plugins\mcufinder/ => C:\Users\kiera\.stmcufinder\plugins\mcufinder
2023-11-17 19:21:26,042 [WARN] DbFile:41 - Overriding database path with different value: C:\Users\kiera\.stmcufinder\plugins\mcufinder/ => C:\Users\kiera\.stmcufinder\plugins\mcufinder
2023-11-17 19:21:26,042 [INFO] CrossReferenceDbSqlite:203 - Set database path to: C:\Users\kiera\.stmcufinder\plugins\mcufinder//mcu/cs/
2023-11-17 19:21:26,064 [INFO] ApplicationProperties:184 - Using Application install path: C:\ST\STM32CubeIDE_1.13.1\STM32CubeIDE\plugins\com.st.stm32cube.common.mx_6.9.2.202309101412
2023-11-17 19:21:26,066 [INFO] PluginManage:196 - Search for loadable plugins [exclusion list=, ]
2023-11-17 19:21:26,067 [INFO] PluginManage:310 - Check plugin analytics
2023-11-17 19:21:26,228 [INFO] AnalyticsPlugin:253 - Accepted Software Licenses: STM32CubeMX.6.9.1
2023-11-17 19:21:26,228 [INFO] AnalyticsPlugin:255 - Accepted CMSIS Pack Licenses: 
2023-11-17 19:21:26,228 [INFO] AnalyticsPlugin:257 - Accepted Firmware Licenses: FW.F4.1.27.0
2023-11-17 19:21:26,230 [INFO] PluginManage:359 - Loaded plugin analytics (category:tool,tabindex:-1)
2023-11-17 19:21:26,230 [INFO] PluginManage:310 - Check plugin cadmodel
2023-11-17 19:21:26,242 [INFO] CADModel:105 - Init CAD model plugin
2023-11-17 19:21:26,242 [INFO] PluginManage:359 - Loaded plugin cadmodel (category:power,tabindex:5)
2023-11-17 19:21:26,242 [INFO] PluginManage:310 - Check plugin clock
2023-11-17 19:21:26,257 [INFO] PluginManage:359 - Loaded plugin clock (category:base,tabindex:2)
2023-11-17 19:21:26,257 [INFO] PluginManage:310 - Check plugin ddr
2023-11-17 19:21:26,260 [INFO] PluginManage:359 - Loaded plugin ddr (category:tool,tabindex:6)
2023-11-17 19:21:26,260 [INFO] PluginManage:310 - Check plugin filemanager
2023-11-17 19:21:26,380 [INFO] PluginManage:359 - Loaded plugin filemanager (category:base,tabindex:10)
2023-11-17 19:21:26,380 [INFO] PluginManage:310 - Check plugin ipmanager
2023-11-17 19:21:26,387 [INFO] PluginManage:359 - Loaded plugin ipmanager (category:base,tabindex:5)
2023-11-17 19:21:26,387 [INFO] PluginManage:310 - Check plugin lpbam
2023-11-17 19:21:26,402 [INFO] PluginManage:359 - Loaded plugin lpbam (category:base,tabindex:0)
2023-11-17 19:21:26,402 [INFO] PluginManage:310 - Check plugin memorymap
2023-11-17 19:21:26,422 [INFO] PluginManage:359 - Loaded plugin memorymap (category:base,tabindex:4)
2023-11-17 19:21:26,422 [INFO] PluginManage:310 - Check plugin pinoutandconfiguration
2023-11-17 19:21:26,436 [INFO] PluginManage:359 - Loaded plugin pinoutandconfiguration (category:base,tabindex:1)
2023-11-17 19:21:26,437 [INFO] PluginManage:310 - Check plugin pinoutconfig
2023-11-17 19:21:26,531 [WARN] SupportedApi:132 - Cannot load RTOS API schema: s4s-elt-must-match.1: The content of 'definitions' must match (annotation?, (simpleType | complexType)?, (unique | key | keyref)*)). A problem was found starting at: attribute.
2023-11-17 19:21:26,653 [INFO] PluginManage:359 - Loaded plugin pinoutconfig (category:base,tabindex:0)
2023-11-17 19:21:26,653 [INFO] PluginManage:310 - Check plugin power
2023-11-17 19:21:26,675 [INFO] PluginManage:359 - Loaded plugin power (category:power,tabindex:4)
2023-11-17 19:21:26,675 [INFO] PluginManage:310 - Check plugin projectmanager
2023-11-17 19:21:26,691 [INFO] PluginManage:359 - Loaded plugin projectmanager (category:projectmanager,tabindex:3)
2023-11-17 19:21:26,691 [INFO] PluginManage:310 - Check plugin thirdparty
2023-11-17 19:21:26,935 [INFO] PluginManage:359 - Loaded plugin thirdparty (category:base,tabindex:-1)
2023-11-17 19:21:26,935 [WARN] IntegrityCheckThread:84 - waiting for thirdparty lock release [integrity check]
2023-11-17 19:21:26,936 [INFO] IntegrityCheckThread:86 - entering critical section [integrity check]
2023-11-17 19:21:26,936 [INFO] PluginManage:310 - Check plugin tools
2023-11-17 19:21:26,937 [INFO] ThirdPartyUpdaterWithRetryManager:70 - Updater plugin not ready yet. [1/15]
2023-11-17 19:21:26,962 [INFO] PluginManage:359 - Loaded plugin tools (category:base,tabindex:7)
2023-11-17 19:21:26,962 [INFO] PluginManage:310 - Check plugin tutovideos
2023-11-17 19:21:27,160 [INFO] PluginManage:359 - Loaded plugin tutovideos (category:base,tabindex:-1)
2023-11-17 19:21:27,161 [INFO] PluginManage:310 - Check plugin updater
2023-11-17 19:21:27,176 [INFO] PluginManage:359 - Loaded plugin updater (category:base,tabindex:12)
2023-11-17 19:21:27,176 [INFO] PluginManage:310 - Check plugin userauth
2023-11-17 19:21:27,181 [INFO] UserAuth:113 - Init User Auth plugin
2023-11-17 19:21:27,181 [INFO] PluginManage:359 - Loaded plugin userauth (category:base,tabindex:14)
2023-11-17 19:21:27,182 [INFO] PluginManage:283 - PluginManage : Loaded plugins [17]
2023-11-17 19:21:27,417 [INFO] PinOutPanel:1499 - setPackage(No Configuration,No Configuration)
2023-11-17 19:21:27,508 [INFO] CADModel:165 - CPN selected for project level
2023-11-17 19:21:27,508 [INFO] CADModel:114 - Register for checkConnection events
2023-11-17 19:21:27,530 [INFO] IPUIPlugin:80 - create IPUIPlugin
2023-11-17 19:21:27,530 [INFO] PluginManager:220 - loadIPPluginJar : add adc
2023-11-17 19:21:27,556 [INFO] IPUIPlugin:80 - create IPUIPlugin
2023-11-17 19:21:27,557 [INFO] PluginManager:220 - loadIPPluginJar : add aes
2023-11-17 19:21:27,586 [INFO] IPUIPlugin:80 - create IPUIPlugin
2023-11-17 19:21:27,586 [INFO] PluginManager:220 - loadIPPluginJar : add can
2023-11-17 19:21:27,603 [INFO] IPUIPlugin:80 - create IPUIPlugin
2023-11-17 19:21:27,604 [INFO] PluginManager:220 - loadIPPluginJar : add comp
2023-11-17 19:21:27,628 [INFO] IPUIPlugin:80 - create IPUIPlugin
2023-11-17 19:21:27,628 [INFO] PluginManager:220 - loadIPPluginJar : add cryp
2023-11-17 19:21:27,649 [INFO] IPUIPlugin:80 - create IPUIPlugin
2023-11-17 19:21:27,649 [INFO] PluginManager:220 - loadIPPluginJar : add dfsdm
2023-11-17 19:21:27,660 [INFO] IPUIPlugin:80 - create IPUIPlugin
2023-11-17 19:21:27,661 [INFO] PluginManager:220 - loadIPPluginJar : add dma
2023-11-17 19:21:27,690 [INFO] IPUIPlugin:80 - create IPUIPlugin
2023-11-17 19:21:27,691 [INFO] PluginManager:220 - loadIPPluginJar : add dma3
2023-11-17 19:21:27,705 [INFO] IPUIPlugin:80 - create IPUIPlugin
2023-11-17 19:21:27,705 [INFO] PluginManager:220 - loadIPPluginJar : add fatfs
2023-11-17 19:21:27,739 [INFO] IPUIPlugin:80 - create IPUIPlugin
2023-11-17 19:21:27,739 [INFO] PluginManager:220 - loadIPPluginJar : add fmc
2023-11-17 19:21:27,750 [INFO] IPUIPlugin:80 - create IPUIPlugin
2023-11-17 19:21:27,750 [INFO] PluginManager:220 - loadIPPluginJar : add freertos
2023-11-17 19:21:27,765 [INFO] IPUIPlugin:80 - create IPUIPlugin
2023-11-17 19:21:27,765 [INFO] PluginManager:220 - loadIPPluginJar : add genericplugin
2023-11-17 19:21:27,829 [INFO] IPUIPlugin:80 - create IPUIPlugin
2023-11-17 19:21:27,829 [INFO] PluginManager:220 - loadIPPluginJar : add gfxmmu
2023-11-17 19:21:27,960 [INFO] IPUIPlugin:80 - create IPUIPlugin
2023-11-17 19:21:27,960 [INFO] PluginManager:220 - loadIPPluginJar : add gic
2023-11-17 19:21:27,975 [INFO] IPUIPlugin:80 - create IPUIPlugin
2023-11-17 19:21:27,975 [INFO] PluginManager:220 - loadIPPluginJar : add gpio
2023-11-17 19:21:28,068 [INFO] IPUIPlugin:80 - create IPUIPlugin
2023-11-17 19:21:28,069 [INFO] PluginManager:220 - loadIPPluginJar : add gtzc
2023-11-17 19:21:28,104 [INFO] IPUIPlugin:80 - create IPUIPlugin
2023-11-17 19:21:28,104 [INFO] PluginManager:220 - loadIPPluginJar : add hash
2023-11-17 19:21:28,170 [INFO] IPUIPlugin:80 - create IPUIPlugin
2023-11-17 19:21:28,170 [INFO] PluginManager:220 - loadIPPluginJar : add i2c
2023-11-17 19:21:28,211 [INFO] IPUIPlugin:80 - create IPUIPlugin
2023-11-17 19:21:28,211 [INFO] PluginManager:220 - loadIPPluginJar : add i2s
2023-11-17 19:21:28,248 [INFO] IPUIPlugin:80 - create IPUIPlugin
2023-11-17 19:21:28,248 [INFO] PluginManager:220 - loadIPPluginJar : add i3c
2023-11-17 19:21:28,358 [INFO] IPUIPlugin:80 - create IPUIPlugin
2023-11-17 19:21:28,358 [INFO] PluginManager:220 - loadIPPluginJar : add ipddr
2023-11-17 19:21:28,485 [INFO] IPUIPlugin:80 - create IPUIPlugin
2023-11-17 19:21:28,485 [INFO] PluginManager:220 - loadIPPluginJar : add linkedlist
2023-11-17 19:21:28,541 [INFO] IPUIPlugin:80 - create IPUIPlugin
2023-11-17 19:21:28,541 [INFO] PluginManager:220 - loadIPPluginJar : add lorawan
2023-11-17 19:21:28,592 [INFO] IPUIPlugin:80 - create IPUIPlugin
2023-11-17 19:21:28,592 [INFO] PluginManager:220 - loadIPPluginJar : add ltdc
2023-11-17 19:21:28,615 [INFO] IPUIPlugin:80 - create IPUIPlugin
2023-11-17 19:21:28,615 [INFO] PluginManager:220 - loadIPPluginJar : add mdma
2023-11-17 19:21:28,636 [INFO] IPUIPlugin:80 - create IPUIPlugin
2023-11-17 19:21:28,636 [INFO] PluginManager:220 - loadIPPluginJar : add nvic
2023-11-17 19:21:28,680 [INFO] IPUIPlugin:80 - create IPUIPlugin
2023-11-17 19:21:28,680 [INFO] PluginManager:220 - loadIPPluginJar : add opamp
2023-11-17 19:21:28,753 [INFO] IPUIPlugin:80 - create IPUIPlugin
2023-11-17 19:21:28,753 [INFO] PluginManager:220 - loadIPPluginJar : add openamp
2023-11-17 19:21:28,799 [INFO] IPUIPlugin:80 - create IPUIPlugin
2023-11-17 19:21:28,799 [INFO] PluginManager:220 - loadIPPluginJar : add pdm2pcm
2023-11-17 19:21:28,817 [INFO] IPUIPlugin:80 - create IPUIPlugin
2023-11-17 19:21:28,825 [INFO] PluginManager:220 - loadIPPluginJar : add plateformsettings
2023-11-17 19:21:28,848 [INFO] IPUIPlugin:80 - create IPUIPlugin
2023-11-17 19:21:28,849 [INFO] PluginManager:220 - loadIPPluginJar : add quadspi
2023-11-17 19:21:28,864 [INFO] IPUIPlugin:80 - create IPUIPlugin
2023-11-17 19:21:28,865 [INFO] PluginManager:220 - loadIPPluginJar : add resmgrutility
2023-11-17 19:21:28,923 [INFO] IPUIPlugin:80 - create IPUIPlugin
2023-11-17 19:21:28,924 [INFO] PluginManager:220 - loadIPPluginJar : add sai
2023-11-17 19:21:28,967 [INFO] IPUIPlugin:80 - create IPUIPlugin
2023-11-17 19:21:28,967 [INFO] PluginManager:220 - loadIPPluginJar : add spi
2023-11-17 19:21:29,031 [INFO] IPUIPlugin:80 - create IPUIPlugin
2023-11-17 19:21:29,032 [INFO] PluginManager:220 - loadIPPluginJar : add stm32_wpan
2023-11-17 19:21:29,057 [INFO] IPUIPlugin:80 - create IPUIPlugin
2023-11-17 19:21:29,057 [INFO] PluginManager:220 - loadIPPluginJar : add tim
2023-11-17 19:21:29,112 [INFO] IPUIPlugin:80 - create IPUIPlugin
2023-11-17 19:21:29,112 [INFO] PluginManager:220 - loadIPPluginJar : add touchsensing
2023-11-17 19:21:29,138 [INFO] IPUIPlugin:80 - create IPUIPlugin
2023-11-17 19:21:29,138 [INFO] PluginManager:220 - loadIPPluginJar : add tracer_emb
2023-11-17 19:21:29,160 [INFO] IPUIPlugin:80 - create IPUIPlugin
2023-11-17 19:21:29,160 [INFO] PluginManager:220 - loadIPPluginJar : add ts
2023-11-17 19:21:29,181 [INFO] IPUIPlugin:80 - create IPUIPlugin
2023-11-17 19:21:29,181 [INFO] PluginManager:220 - loadIPPluginJar : add tsc
2023-11-17 19:21:29,200 [INFO] IPUIPlugin:80 - create IPUIPlugin
2023-11-17 19:21:29,200 [INFO] PluginManager:220 - loadIPPluginJar : add ucpd
2023-11-17 19:21:29,235 [INFO] IPUIPlugin:80 - create IPUIPlugin
2023-11-17 19:21:29,236 [INFO] PluginManager:220 - loadIPPluginJar : add usart
2023-11-17 19:21:29,274 [INFO] IPUIPlugin:80 - create IPUIPlugin
2023-11-17 19:21:29,274 [INFO] PluginManager:220 - loadIPPluginJar : add usbx
2023-11-17 19:21:29,417 [INFO] CADModel:165 - CPN selected for project level
2023-11-17 19:21:29,417 [INFO] CADModel:114 - Register for checkConnection events
2023-11-17 19:21:29,418 [FATAL] Updater:308 - Updater called before beeing initialized
2023-11-17 19:21:29,418 [ERROR] CADModel:125 - Updater not yet initialized, retry later 
2023-11-17 19:21:29,588 [INFO] CADModel:165 - CPN selected for project level
2023-11-17 19:21:29,588 [INFO] CADModel:114 - Register for checkConnection events
2023-11-17 19:21:29,588 [FATAL] Updater:308 - Updater called before beeing initialized
2023-11-17 19:21:29,588 [ERROR] CADModel:125 - Updater not yet initialized, retry later 
2023-11-17 19:21:29,594 [FATAL] Updater:308 - Updater called before beeing initialized
2023-11-17 19:21:29,714 [FATAL] Updater:308 - Updater called before beeing initialized
2023-11-17 19:21:29,734 [INFO] DbMcusAds:53 - JSON generation date=Tue Mar 07 03:50:55 EST 2023 (1678179055335)
2023-11-17 19:21:29,734 [FATAL] Updater:308 - Updater called before beeing initialized
2023-11-17 19:21:29,823 [WARN] DetailPanel:346 - Failed to get advertising image, set to default
2023-11-17 19:21:29,913 [FATAL] Updater:308 - Updater called before beeing initialized
2023-11-17 19:21:29,914 [FATAL] Updater:308 - Updater called before beeing initialized
2023-11-17 19:21:29,914 [FATAL] Updater:308 - Updater called before beeing initialized
2023-11-17 19:21:29,914 [WARN] DetailPanel:346 - Failed to get advertising image, set to default
2023-11-17 19:21:29,915 [FATAL] Updater:308 - Updater called before beeing initialized
2023-11-17 19:21:29,938 [INFO] ThirdPartyUpdaterWithRetryManager:70 - Updater plugin not ready yet. [2/15]
2023-11-17 19:21:29,990 [ERROR] Updater:1120 - MainUpdater not yet initialized. External WinMGr cannot be set.
2023-11-17 19:21:30,000 [INFO] Updater:1056 - Updater Version found : 6.9.2
2023-11-17 19:21:30,016 [INFO] ApplicationProperties:184 - Using Application install path: C:\ST\STM32CubeIDE_1.13.1\STM32CubeIDE\plugins\com.st.stm32cube.common.mx_6.9.2.202309101412
2023-11-17 19:21:30,819 [INFO] MainUpdater:2868 - connection check result : 10
2023-11-17 19:21:30,821 [INFO] MainUpdater:285 - Updater Check For Update Now.
2023-11-17 19:21:30,821 [INFO] MicroXplorer:498 - Change Database Version : DB.6.0.92
2023-11-17 19:21:30,842 [INFO] McuFinderGlobals:63 - Set McuFinder mode to 2 (CubeIDE integrated)
2023-11-17 19:21:31,039 [INFO] CheckServerUpdateThread:120 - End of CheckServer Thread
2023-11-17 19:21:33,080 [WARN] PackLoader:240 - Cannot read IP mode file for STMicroelectronics.X-CUBE-SMBUS.2.1.0
2023-11-17 19:21:33,122 [WARN] PackLoader:240 - Cannot read IP mode file for STMicroelectronics.X-CUBE-AZRTOS-F7.1.1.0
2023-11-17 19:21:33,141 [WARN] PackLoader:240 - Cannot read IP mode file for STMicroelectronics.FP-SNS-MOTENV1.4.3.2
2023-11-17 19:21:33,155 [WARN] PackLoader:240 - Cannot read IP mode file for STMicroelectronics.FP-SNS-FLIGHT1.5.0.2
2023-11-17 19:21:33,173 [WARN] PackLoader:240 - Cannot read IP mode file for STMicroelectronics.X-CUBE-DISPLAY.3.0.0
2023-11-17 19:21:33,194 [WARN] PackLoader:240 - Cannot read IP mode file for STMicroelectronics.X-CUBE-BLE1.7.0.0
2023-11-17 19:21:33,206 [WARN] PackLoader:240 - Cannot read IP mode file for emotas.I-CUBE-CANOPEN.1.3.0
2023-11-17 19:21:33,218 [WARN] PackLoader:240 - Cannot read IP mode file for STMicroelectronics.X-CUBE-TOUCHGFX.4.22.0
2023-11-17 19:21:33,227 [WARN] PackLoader:240 - Cannot read IP mode file for STMicroelectronics.X-CUBE-TOUCHGFX.4.22.1
2023-11-17 19:21:33,237 [WARN] PackLoader:240 - Cannot read IP mode file for STMicroelectronics.FP-SNS-SMARTAG2.1.2.0
2023-11-17 19:21:33,256 [INFO] LogOutputStream:77 - [STDOUT_REDIRECT] 1 : Invalid condition id : UX_CORESTACK_Condition cause : null
2023-11-17 19:21:33,257 [INFO] LogOutputStream:77 - [STDOUT_REDIRECT] 1 : Invalid condition id : UX_CORESTACK_Condition cause : null
2023-11-17 19:21:33,259 [INFO] LogOutputStream:77 - [STDOUT_REDIRECT] 1 : Invalid condition id : UX_CORESTACK_Condition cause : null
2023-11-17 19:21:33,260 [INFO] LogOutputStream:77 - [STDOUT_REDIRECT] 1 : Invalid condition id : UX_CORESTACK_Condition cause : null
2023-11-17 19:21:33,261 [INFO] LogOutputStream:77 - [STDOUT_REDIRECT] 1 : Invalid condition id : UX_CORESTACK_Condition cause : null
2023-11-17 19:21:33,264 [WARN] PackLoader:240 - Cannot read IP mode file for STMicroelectronics.X-CUBE-AZRTOS-WL.2.0.0
2023-11-17 19:21:33,281 [WARN] PackLoader:240 - Cannot read IP mode file for WES.I-CUBE-Cesium.1.3.0
2023-11-17 19:21:33,293 [WARN] PackLoader:240 - Cannot read IP mode file for STMicroelectronics.X-CUBE-BLE2.3.3.0
2023-11-17 19:21:33,305 [WARN] PackLoader:240 - Cannot read IP mode file for STMicroelectronics.X-CUBE-ALGOBUILD.1.3.0
2023-11-17 19:21:33,330 [WARN] PackLoader:240 - Cannot read IP mode file for STMicroelectronics.X-CUBE-AZRTOS-G0.1.1.0
2023-11-17 19:21:33,346 [WARN] PackLoader:240 - Cannot read IP mode file for STMicroelectronics.X-CUBE-NFC4.3.0.0
2023-11-17 19:21:33,375 [WARN] PackLoader:240 - Cannot read IP mode file for STMicroelectronics.X-CUBE-BLEMGR.3.0.0
2023-11-17 19:21:33,387 [WARN] PackLoader:240 - Cannot read IP mode file for STMicroelectronics.FP-ATR-SIGFOX1.3.2.0
2023-11-17 19:21:33,417 [WARN] PackLoader:240 - Cannot read IP mode file for SEGGER.I-CUBE-embOS.1.3.1
2023-11-17 19:21:33,467 [WARN] PackLoader:240 - Cannot read IP mode file for STMicroelectronics.X-CUBE-GNSS1.6.0.0
2023-11-17 19:21:33,494 [WARN] PackLoader:240 - Cannot read IP mode file for STMicroelectronics.X-CUBE-AZRTOS-F4.1.1.0
2023-11-17 19:21:33,508 [WARN] PackLoader:240 - Cannot read IP mode file for wolfSSL.I-CUBE-wolfSSL.5.6.3
2023-11-17 19:21:33,534 [WARN] PackLoader:240 - Cannot read IP mode file for STMicroelectronics.X-CUBE-AZRTOS-L5.2.0.0
2023-11-17 19:21:33,581 [WARN] PackLoader:240 - Cannot read IP mode file for STMicroelectronics.X-CUBE-MEMS1.9.6.0
2023-11-17 19:21:33,766 [WARN] PackLoader:240 - Cannot read IP mode file for STMicroelectronics.X-CUBE-EEPRMA1.4.2.0
2023-11-17 19:21:33,781 [WARN] PackLoader:240 - Cannot read IP mode file for ITTIA_DB.I-CUBE-ITTIADB.8.8.0
2023-11-17 19:21:33,794 [WARN] PackLoader:240 - Cannot read IP mode file for STMicroelectronics.X-CUBE-BLEMGR.2.0.0
2023-11-17 19:21:33,827 [WARN] ConditionMgr:438 - getConditionDescription Invalid condition id : UX DEVICE CLASS RTOS Condition cause : null
2023-11-17 19:21:33,827 [WARN] ConditionMgr:438 - getConditionDescription Invalid condition id : UX DEVICE CLASS RTOS Condition cause : null
2023-11-17 19:21:33,830 [WARN] PackLoader:240 - Cannot read IP mode file for STMicroelectronics.X-CUBE-AZRTOS-H7.3.1.0
2023-11-17 19:21:33,831 [WARN] ConditionMgr:1039 - genDependencies : Invalid condition id : UX DEVICE CLASS RTOS Condition cause : null
2023-11-17 19:21:33,831 [WARN] ConditionMgr:1039 - genDependencies : Invalid condition id : UX DEVICE CLASS RTOS Condition cause : null
2023-11-17 19:21:33,832 [WARN] ConditionMgr:1039 - genDependencies : Invalid condition id : UX DEVICE CLASS RTOS Condition cause : null
2023-11-17 19:21:33,832 [WARN] ConditionMgr:1039 - genDependencies : Invalid condition id : UX DEVICE CLASS RTOS Condition cause : null
2023-11-17 19:21:33,832 [WARN] ConditionMgr:1039 - genDependencies : Invalid condition id : UX DEVICE CLASS RTOS Condition cause : null
2023-11-17 19:21:33,846 [WARN] PackLoader:240 - Cannot read IP mode file for STMicroelectronics.X-CUBE-NFC7.1.0.1
2023-11-17 19:21:33,858 [WARN] PackLoader:240 - Cannot read IP mode file for STMicroelectronics.X-CUBE-NFC6.3.0.0
2023-11-17 19:21:33,870 [WARN] PackLoader:240 - Cannot read IP mode file for STMicroelectronics.X-CUBE-EEPRMA1.4.1.0
2023-11-17 19:21:33,881 [WARN] PackLoader:240 - Cannot read IP mode file for STMicroelectronics.X-CUBE-AI.8.1.0
2023-11-17 19:21:33,912 [WARN] ConditionMgr:438 - getConditionDescription Invalid condition id : LAN8742 Phy interface Condition cause : null
2023-11-17 19:21:33,913 [WARN] PackLoader:240 - Cannot read IP mode file for STMicroelectronics.X-CUBE-AZRTOS-L4.2.0.0
2023-11-17 19:21:33,913 [WARN] ConditionMgr:1039 - genDependencies : Invalid condition id : LAN8742 Phy interface Condition cause : null
2023-11-17 19:21:33,914 [WARN] ConditionMgr:1039 - genDependencies : Invalid condition id : LAN8742 Phy interface Condition cause : null
2023-11-17 19:21:33,914 [WARN] ConditionMgr:1039 - genDependencies : Invalid condition id : LAN8742 Phy interface Condition cause : null
2023-11-17 19:21:33,926 [WARN] PackLoader:240 - Cannot read IP mode file for STMicroelectronics.X-CUBE-SFXS2LP1.4.0.0
2023-11-17 19:21:33,938 [WARN] PackLoader:240 - Cannot read IP mode file for STMicroelectronics.X-CUBE-ISPU.1.1.0
2023-11-17 19:21:33,961 [WARN] ConditionMgr:438 - getConditionDescription Invalid condition id : UX DEVICE CLASS RTOS Condition cause : null
2023-11-17 19:21:33,961 [WARN] ConditionMgr:438 - getConditionDescription Invalid condition id : UX DEVICE CLASS RTOS Condition cause : null
2023-11-17 19:21:33,963 [WARN] PackLoader:240 - Cannot read IP mode file for STMicroelectronics.X-CUBE-AZRTOS-WB.2.0.0
2023-11-17 19:21:33,964 [WARN] ConditionMgr:1039 - genDependencies : Invalid condition id : UX DEVICE CLASS RTOS Condition cause : null
2023-11-17 19:21:33,964 [WARN] ConditionMgr:1039 - genDependencies : Invalid condition id : UX DEVICE CLASS RTOS Condition cause : null
2023-11-17 19:21:33,964 [WARN] ConditionMgr:1039 - genDependencies : Invalid condition id : UX DEVICE CLASS RTOS Condition cause : null
2023-11-17 19:21:33,965 [WARN] ConditionMgr:1039 - genDependencies : Invalid condition id : UX DEVICE CLASS RTOS Condition cause : null
2023-11-17 19:21:33,965 [WARN] ConditionMgr:1039 - genDependencies : Invalid condition id : UX DEVICE CLASS RTOS Condition cause : null
2023-11-17 19:21:33,984 [WARN] PackLoader:240 - Cannot read IP mode file for STMicroelectronics.X-CUBE-SUBG2.5.0.0
2023-11-17 19:21:34,009 [WARN] PackLoader:240 - Cannot read IP mode file for STMicroelectronics.X-CUBE-TOF1.3.3.1
2023-11-17 19:21:34,043 [WARN] PackLoader:240 - Cannot read IP mode file for STMicroelectronics.X-CUBE-AZRTOS-G4.2.0.0
2023-11-17 19:21:34,067 [WARN] PackLoader:240 - Cannot read IP mode file for Infineon.AIROC-Wi-Fi-Bluetooth-STM32.1.5.1
2023-11-17 19:21:34,082 [WARN] PackLoader:240 - Cannot read IP mode file for STMicroelectronics.FP-SNS-MOTENVWB1.1.3.0
2023-11-17 19:21:34,140 [WARN] PackLoader:240 - Cannot read IP mode file for STMicroelectronics.X-CUBE-MEMS1.10.0.0
2023-11-17 19:21:34,275 [WARN] PackLoader:240 - Cannot read IP mode file for STMicroelectronics.X-CUBE-FREERTOS.1.1.0
2023-11-17 19:21:34,291 [WARN] PackLoader:240 - Cannot read IP mode file for portGmbH.I-Cube-SoM-uGOAL.1.1.0
2023-11-17 19:21:34,304 [WARN] PackLoader:240 - Cannot read IP mode file for STMicroelectronics.X-CUBE-ALS.1.0.1
2023-11-17 19:21:34,320 [WARN] PackLoader:240 - Cannot read IP mode file for STMicroelectronics.FP-ATR-ASTRA1.2.0.0
2023-11-17 19:21:34,323 [INFO] ThirdParty:978 - Integrity check success = true
2023-11-17 19:21:34,323 [INFO] IntegrityCheckThread:100 - exiting critical section [integrity check]
2023-11-17 19:21:34,323 [INFO] IntegrityCheckThread:103 - End integrity checks thread
2023-11-17 19:21:45,105 [ERROR] LogOutputStream:75 - [STDERR_REDIRECT] SLF4J: Failed to load class "org.slf4j.impl.StaticLoggerBinder".
2023-11-17 19:21:45,106 [ERROR] LogOutputStream:75 - [STDERR_REDIRECT] SLF4J: Defaulting to no-operation (NOP) logger implementation
2023-11-17 19:21:45,107 [ERROR] LogOutputStream:75 - [STDERR_REDIRECT] SLF4J: See http://www.slf4j.org/codes.html#StaticLoggerBinder for further details.
